{"C:\\Users\\Hp\\Desktop\\git-pr-dashboard\\git-pr-dashboard\\server\\index.js": {"path":"C:\\Users\\Hp\\Desktop\\git-pr-dashboard\\git-pr-dashboard\\server\\index.js","statementMap":{"0":{"start":{"line":19,"column":19},"end":{"line":19,"column":49}},"1":{"start":{"line":20,"column":18},"end":{"line":20,"column":37}},"2":{"start":{"line":23,"column":0},"end":{"line":23,"column":49}},"3":{"start":{"line":38,"column":0},"end":{"line":57,"column":4}},"4":{"start":{"line":43,"column":2},"end":{"line":56,"column":3}},"5":{"start":{"line":45,"column":17},"end":{"line":51,"column":5}},"6":{"start":{"line":53,"column":4},"end":{"line":53,"column":28}},"7":{"start":{"line":55,"column":4},"end":{"line":55,"column":29}},"8":{"start":{"line":60,"column":0},"end":{"line":62,"column":3}},"9":{"start":{"line":61,"column":2},"end":{"line":61,"column":19}},"10":{"start":{"line":65,"column":0},"end":{"line":67,"column":3}},"11":{"start":{"line":66,"column":2},"end":{"line":66,"column":19}},"12":{"start":{"line":71,"column":12},"end":{"line":71,"column":21}},"13":{"start":{"line":72,"column":13},"end":{"line":72,"column":37}},"14":{"start":{"line":74,"column":0},"end":{"line":74,"column":26}},"15":{"start":{"line":77,"column":0},"end":{"line":87,"column":4}},"16":{"start":{"line":91,"column":16},"end":{"line":95,"column":2}},"17":{"start":{"line":96,"column":0},"end":{"line":96,"column":17}},"18":{"start":{"line":99,"column":0},"end":{"line":105,"column":4}},"19":{"start":{"line":108,"column":0},"end":{"line":108,"column":41}},"20":{"start":{"line":109,"column":0},"end":{"line":109,"column":63}},"21":{"start":{"line":112,"column":0},"end":{"line":122,"column":4}},"22":{"start":{"line":125,"column":0},"end":{"line":125,"column":31}},"23":{"start":{"line":126,"column":0},"end":{"line":126,"column":28}},"24":{"start":{"line":129,"column":0},"end":{"line":129,"column":29}},"25":{"start":{"line":130,"column":0},"end":{"line":130,"column":34}},"26":{"start":{"line":131,"column":0},"end":{"line":131,"column":37}},"27":{"start":{"line":134,"column":0},"end":{"line":136,"column":3}},"28":{"start":{"line":135,"column":2},"end":{"line":135,"column":66}},"29":{"start":{"line":139,"column":0},"end":{"line":145,"column":3}},"30":{"start":{"line":140,"column":2},"end":{"line":140,"column":31}},"31":{"start":{"line":141,"column":2},"end":{"line":144,"column":5}},"32":{"start":{"line":148,"column":0},"end":{"line":150,"column":3}},"33":{"start":{"line":149,"column":2},"end":{"line":149,"column":53}},"34":{"start":{"line":153,"column":0},"end":{"line":157,"column":3}},"35":{"start":{"line":154,"column":2},"end":{"line":154,"column":51}},"36":{"start":{"line":155,"column":2},"end":{"line":155,"column":66}},"37":{"start":{"line":156,"column":2},"end":{"line":156,"column":72}}},"fnMap":{"0":{"name":"(anonymous_0)","decl":{"start":{"line":42,"column":3},"end":{"line":42,"column":4}},"loc":{"start":{"line":42,"column":55},"end":{"line":57,"column":1}},"line":42},"1":{"name":"(anonymous_1)","decl":{"start":{"line":60,"column":23},"end":{"line":60,"column":24}},"loc":{"start":{"line":60,"column":39},"end":{"line":62,"column":1}},"line":60},"2":{"name":"(anonymous_2)","decl":{"start":{"line":65,"column":25},"end":{"line":65,"column":26}},"loc":{"start":{"line":65,"column":41},"end":{"line":67,"column":1}},"line":65},"3":{"name":"(anonymous_3)","decl":{"start":{"line":134,"column":19},"end":{"line":134,"column":20}},"loc":{"start":{"line":134,"column":33},"end":{"line":136,"column":1}},"line":134},"4":{"name":"(anonymous_4)","decl":{"start":{"line":139,"column":8},"end":{"line":139,"column":9}},"loc":{"start":{"line":139,"column":33},"end":{"line":145,"column":1}},"line":139},"5":{"name":"(anonymous_5)","decl":{"start":{"line":148,"column":13},"end":{"line":148,"column":14}},"loc":{"start":{"line":148,"column":27},"end":{"line":150,"column":1}},"line":148},"6":{"name":"(anonymous_6)","decl":{"start":{"line":153,"column":17},"end":{"line":153,"column":18}},"loc":{"start":{"line":153,"column":23},"end":{"line":157,"column":1}},"line":153}},"branchMap":{"0":{"loc":{"start":{"line":41,"column":15},"end":{"line":41,"column":94}},"type":"binary-expr","locations":[{"start":{"line":41,"column":15},"end":{"line":41,"column":46}},{"start":{"line":41,"column":50},"end":{"line":41,"column":94}}],"line":41},"1":{"loc":{"start":{"line":72,"column":13},"end":{"line":72,"column":37}},"type":"binary-expr","locations":[{"start":{"line":72,"column":13},"end":{"line":72,"column":29}},{"start":{"line":72,"column":33},"end":{"line":72,"column":37}}],"line":72},"2":{"loc":{"start":{"line":143,"column":13},"end":{"line":143,"column":90}},"type":"cond-expr","locations":[{"start":{"line":143,"column":54},"end":{"line":143,"column":65}},{"start":{"line":143,"column":68},"end":{"line":143,"column":90}}],"line":143}},"s":{"0":0,"1":0,"2":0,"3":0,"4":0,"5":0,"6":0,"7":0,"8":0,"9":0,"10":0,"11":0,"12":0,"13":0,"14":0,"15":0,"16":0,"17":0,"18":0,"19":0,"20":0,"21":0,"22":0,"23":0,"24":0,"25":0,"26":0,"27":0,"28":0,"29":0,"30":0,"31":0,"32":0,"33":0,"34":0,"35":0,"36":0,"37":0},"f":{"0":0,"1":0,"2":0,"3":0,"4":0,"5":0,"6":0},"b":{"0":[0,0],"1":[0,0],"2":[0,0]}}
,"C:\\Users\\Hp\\Desktop\\git-pr-dashboard\\git-pr-dashboard\\server\\routes\\auth.js": {"path":"C:\\Users\\Hp\\Desktop\\git-pr-dashboard\\git-pr-dashboard\\server\\routes\\auth.js","statementMap":{"0":{"start":{"line":5,"column":15},"end":{"line":5,"column":31}},"1":{"start":{"line":8,"column":0},"end":{"line":8,"column":89}},"2":{"start":{"line":10,"column":0},"end":{"line":16,"column":2}},"3":{"start":{"line":14,"column":4},"end":{"line":14,"column":83}},"4":{"start":{"line":19,"column":0},"end":{"line":32,"column":3}},"5":{"start":{"line":20,"column":2},"end":{"line":31,"column":5}},"6":{"start":{"line":21,"column":4},"end":{"line":23,"column":5}},"7":{"start":{"line":22,"column":6},"end":{"line":22,"column":62}},"8":{"start":{"line":24,"column":4},"end":{"line":30,"column":7}},"9":{"start":{"line":25,"column":6},"end":{"line":27,"column":7}},"10":{"start":{"line":26,"column":8},"end":{"line":26,"column":77}},"11":{"start":{"line":28,"column":6},"end":{"line":28,"column":37}},"12":{"start":{"line":29,"column":6},"end":{"line":29,"column":55}},"13":{"start":{"line":35,"column":0},"end":{"line":46,"column":3}},"14":{"start":{"line":36,"column":2},"end":{"line":45,"column":3}},"15":{"start":{"line":37,"column":4},"end":{"line":42,"column":7}},"16":{"start":{"line":44,"column":4},"end":{"line":44,"column":57}},"17":{"start":{"line":49,"column":27},"end":{"line":54,"column":1}},"18":{"start":{"line":50,"column":2},"end":{"line":52,"column":3}},"19":{"start":{"line":51,"column":4},"end":{"line":51,"column":18}},"20":{"start":{"line":53,"column":2},"end":{"line":53,"column":61}}},"fnMap":{"0":{"name":"(anonymous_0)","decl":{"start":{"line":12,"column":2},"end":{"line":12,"column":3}},"loc":{"start":{"line":12,"column":16},"end":{"line":15,"column":3}},"line":12},"1":{"name":"(anonymous_1)","decl":{"start":{"line":19,"column":23},"end":{"line":19,"column":24}},"loc":{"start":{"line":19,"column":37},"end":{"line":32,"column":1}},"line":19},"2":{"name":"(anonymous_2)","decl":{"start":{"line":20,"column":13},"end":{"line":20,"column":14}},"loc":{"start":{"line":20,"column":22},"end":{"line":31,"column":3}},"line":20},"3":{"name":"(anonymous_3)","decl":{"start":{"line":24,"column":24},"end":{"line":24,"column":25}},"loc":{"start":{"line":24,"column":33},"end":{"line":30,"column":5}},"line":24},"4":{"name":"(anonymous_4)","decl":{"start":{"line":35,"column":18},"end":{"line":35,"column":19}},"loc":{"start":{"line":35,"column":32},"end":{"line":46,"column":1}},"line":35},"5":{"name":"(anonymous_5)","decl":{"start":{"line":49,"column":27},"end":{"line":49,"column":28}},"loc":{"start":{"line":49,"column":47},"end":{"line":54,"column":1}},"line":49}},"branchMap":{"0":{"loc":{"start":{"line":14,"column":20},"end":{"line":14,"column":69}},"type":"binary-expr","locations":[{"start":{"line":14,"column":20},"end":{"line":14,"column":42}},{"start":{"line":14,"column":46},"end":{"line":14,"column":69}}],"line":14},"1":{"loc":{"start":{"line":21,"column":4},"end":{"line":23,"column":5}},"type":"if","locations":[{"start":{"line":21,"column":4},"end":{"line":23,"column":5}},{"start":{},"end":{}}],"line":21},"2":{"loc":{"start":{"line":25,"column":6},"end":{"line":27,"column":7}},"type":"if","locations":[{"start":{"line":25,"column":6},"end":{"line":27,"column":7}},{"start":{},"end":{}}],"line":25},"3":{"loc":{"start":{"line":36,"column":2},"end":{"line":45,"column":3}},"type":"if","locations":[{"start":{"line":36,"column":2},"end":{"line":45,"column":3}},{"start":{"line":43,"column":9},"end":{"line":45,"column":3}}],"line":36},"4":{"loc":{"start":{"line":50,"column":2},"end":{"line":52,"column":3}},"type":"if","locations":[{"start":{"line":50,"column":2},"end":{"line":52,"column":3}},{"start":{},"end":{}}],"line":50}},"s":{"0":1,"1":1,"2":1,"3":1,"4":1,"5":0,"6":0,"7":0,"8":0,"9":0,"10":0,"11":0,"12":0,"13":1,"14":2,"15":1,"16":1,"17":1,"18":2,"19":1,"20":1},"f":{"0":1,"1":0,"2":0,"3":0,"4":2,"5":2},"b":{"0":[1,1],"1":[0,0],"2":[0,0],"3":[1,1],"4":[1,1]},"_coverageSchema":"1a1c01bbd47fc00a2c39e90264f33305004495a9","hash":"431e591937f406f8948bcf836846bac998a7981e"}
,"C:\\Users\\Hp\\Desktop\\git-pr-dashboard\\git-pr-dashboard\\server\\routes\\comments.js": {"path":"C:\\Users\\Hp\\Desktop\\git-pr-dashboard\\git-pr-dashboard\\server\\routes\\comments.js","statementMap":{"0":{"start":{"line":5,"column":15},"end":{"line":5,"column":31}},"1":{"start":{"line":8,"column":22},"end":{"line":18,"column":1}},"2":{"start":{"line":9,"column":2},"end":{"line":11,"column":3}},"3":{"start":{"line":10,"column":4},"end":{"line":10,"column":70}},"4":{"start":{"line":13,"column":2},"end":{"line":15,"column":5}},"5":{"start":{"line":17,"column":2},"end":{"line":17,"column":9}},"6":{"start":{"line":21,"column":0},"end":{"line":69,"column":3}},"7":{"start":{"line":22,"column":2},"end":{"line":68,"column":3}},"8":{"start":{"line":23,"column":41},"end":{"line":23,"column":51}},"9":{"start":{"line":24,"column":21},"end":{"line":24,"column":29}},"10":{"start":{"line":26,"column":4},"end":{"line":28,"column":5}},"11":{"start":{"line":27,"column":6},"end":{"line":27,"column":73}},"12":{"start":{"line":31,"column":30},"end":{"line":36,"column":6}},"13":{"start":{"line":38,"column":4},"end":{"line":46,"column":7}},"14":{"start":{"line":48,"column":4},"end":{"line":48,"column":50}},"15":{"start":{"line":50,"column":4},"end":{"line":55,"column":5}},"16":{"start":{"line":51,"column":6},"end":{"line":54,"column":9}},"17":{"start":{"line":57,"column":4},"end":{"line":62,"column":5}},"18":{"start":{"line":58,"column":6},"end":{"line":61,"column":9}},"19":{"start":{"line":64,"column":4},"end":{"line":67,"column":7}},"20":{"start":{"line":72,"column":0},"end":{"line":91,"column":3}},"21":{"start":{"line":73,"column":2},"end":{"line":90,"column":3}},"22":{"start":{"line":74,"column":41},"end":{"line":74,"column":51}},"23":{"start":{"line":76,"column":31},"end":{"line":81,"column":6}},"24":{"start":{"line":83,"column":4},"end":{"line":83,"column":23}},"25":{"start":{"line":85,"column":4},"end":{"line":85,"column":53}},"26":{"start":{"line":86,"column":4},"end":{"line":89,"column":7}}},"fnMap":{"0":{"name":"(anonymous_0)","decl":{"start":{"line":8,"column":22},"end":{"line":8,"column":23}},"loc":{"start":{"line":8,"column":42},"end":{"line":18,"column":1}},"line":8},"1":{"name":"(anonymous_1)","decl":{"start":{"line":21,"column":85},"end":{"line":21,"column":86}},"loc":{"start":{"line":21,"column":105},"end":{"line":69,"column":1}},"line":21},"2":{"name":"(anonymous_2)","decl":{"start":{"line":72,"column":84},"end":{"line":72,"column":85}},"loc":{"start":{"line":72,"column":104},"end":{"line":91,"column":1}},"line":72}},"branchMap":{"0":{"loc":{"start":{"line":9,"column":2},"end":{"line":11,"column":3}},"type":"if","locations":[{"start":{"line":9,"column":2},"end":{"line":11,"column":3}},{"start":{},"end":{}}],"line":9},"1":{"loc":{"start":{"line":9,"column":6},"end":{"line":9,"column":40}},"type":"binary-expr","locations":[{"start":{"line":9,"column":6},"end":{"line":9,"column":15}},{"start":{"line":9,"column":19},"end":{"line":9,"column":40}}],"line":9},"2":{"loc":{"start":{"line":26,"column":4},"end":{"line":28,"column":5}},"type":"if","locations":[{"start":{"line":26,"column":4},"end":{"line":28,"column":5}},{"start":{},"end":{}}],"line":26},"3":{"loc":{"start":{"line":26,"column":8},"end":{"line":26,"column":29}},"type":"binary-expr","locations":[{"start":{"line":26,"column":8},"end":{"line":26,"column":13}},{"start":{"line":26,"column":17},"end":{"line":26,"column":29}}],"line":26},"4":{"loc":{"start":{"line":50,"column":4},"end":{"line":55,"column":5}},"type":"if","locations":[{"start":{"line":50,"column":4},"end":{"line":55,"column":5}},{"start":{},"end":{}}],"line":50},"5":{"loc":{"start":{"line":57,"column":4},"end":{"line":62,"column":5}},"type":"if","locations":[{"start":{"line":57,"column":4},"end":{"line":62,"column":5}},{"start":{},"end":{}}],"line":57}},"s":{"0":1,"1":1,"2":3,"3":0,"4":3,"5":3,"6":1,"7":2,"8":2,"9":2,"10":2,"11":1,"12":1,"13":1,"14":0,"15":0,"16":0,"17":0,"18":0,"19":0,"20":1,"21":1,"22":1,"23":1,"24":1,"25":0,"26":0},"f":{"0":3,"1":2,"2":1},"b":{"0":[0,3],"1":[3,3],"2":[1,1],"3":[2,2],"4":[0,0],"5":[0,0]},"_coverageSchema":"1a1c01bbd47fc00a2c39e90264f33305004495a9","hash":"93f162a9ee9cf29ad0529fe59be2f5edaf3a3861"}
,"C:\\Users\\Hp\\Desktop\\git-pr-dashboard\\git-pr-dashboard\\server\\routes\\repos.js": {"path":"C:\\Users\\Hp\\Desktop\\git-pr-dashboard\\git-pr-dashboard\\server\\routes\\repos.js","statementMap":{"0":{"start":{"line":5,"column":15},"end":{"line":5,"column":31}},"1":{"start":{"line":8,"column":22},"end":{"line":18,"column":1}},"2":{"start":{"line":9,"column":2},"end":{"line":11,"column":3}},"3":{"start":{"line":10,"column":4},"end":{"line":10,"column":70}},"4":{"start":{"line":13,"column":2},"end":{"line":15,"column":5}},"5":{"start":{"line":17,"column":2},"end":{"line":17,"column":9}},"6":{"start":{"line":21,"column":0},"end":{"line":39,"column":3}},"7":{"start":{"line":22,"column":2},"end":{"line":38,"column":3}},"8":{"start":{"line":23,"column":28},"end":{"line":26,"column":6}},"9":{"start":{"line":29,"column":26},"end":{"line":29,"column":58}},"10":{"start":{"line":29,"column":47},"end":{"line":29,"column":57}},"11":{"start":{"line":31,"column":4},"end":{"line":31,"column":28}},"12":{"start":{"line":33,"column":4},"end":{"line":33,"column":57}},"13":{"start":{"line":34,"column":4},"end":{"line":37,"column":7}},"14":{"start":{"line":42,"column":0},"end":{"line":72,"column":3}},"15":{"start":{"line":43,"column":2},"end":{"line":71,"column":3}},"16":{"start":{"line":45,"column":27},"end":{"line":45,"column":74}},"17":{"start":{"line":48,"column":28},"end":{"line":51,"column":6}},"18":{"start":{"line":54,"column":18},"end":{"line":62,"column":5}},"19":{"start":{"line":56,"column":46},"end":{"line":56,"column":73}},"20":{"start":{"line":57,"column":46},"end":{"line":57,"column":68}},"21":{"start":{"line":60,"column":40},"end":{"line":60,"column":53}},"22":{"start":{"line":61,"column":41},"end":{"line":61,"column":53}},"23":{"start":{"line":64,"column":4},"end":{"line":64,"column":20}},"24":{"start":{"line":66,"column":4},"end":{"line":66,"column":60}},"25":{"start":{"line":67,"column":4},"end":{"line":70,"column":7}},"26":{"start":{"line":75,"column":0},"end":{"line":127,"column":3}},"27":{"start":{"line":76,"column":2},"end":{"line":126,"column":3}},"28":{"start":{"line":77,"column":28},"end":{"line":77,"column":38}},"29":{"start":{"line":78,"column":30},"end":{"line":78,"column":39}},"30":{"start":{"line":80,"column":4},"end":{"line":119,"column":5}},"31":{"start":{"line":82,"column":39},"end":{"line":99,"column":8}},"32":{"start":{"line":102,"column":23},"end":{"line":104,"column":22}},"33":{"start":{"line":103,"column":24},"end":{"line":103,"column":71}},"34":{"start":{"line":106,"column":6},"end":{"line":106,"column":25}},"35":{"start":{"line":109,"column":30},"end":{"line":116,"column":8}},"36":{"start":{"line":118,"column":6},"end":{"line":118,"column":22}},"37":{"start":{"line":121,"column":4},"end":{"line":121,"column":58}},"38":{"start":{"line":122,"column":4},"end":{"line":125,"column":7}},"39":{"start":{"line":130,"column":0},"end":{"line":147,"column":3}},"40":{"start":{"line":131,"column":2},"end":{"line":146,"column":3}},"41":{"start":{"line":132,"column":28},"end":{"line":132,"column":38}},"42":{"start":{"line":134,"column":53},"end":{"line":137,"column":6}},"43":{"start":{"line":139,"column":4},"end":{"line":142,"column":7}},"44":{"start":{"line":141,"column":35},"end":{"line":141,"column":75}},"45":{"start":{"line":144,"column":4},"end":{"line":144,"column":53}},"46":{"start":{"line":145,"column":4},"end":{"line":145,"column":88}},"47":{"start":{"line":150,"column":0},"end":{"line":196,"column":3}},"48":{"start":{"line":151,"column":2},"end":{"line":195,"column":3}},"49":{"start":{"line":152,"column":28},"end":{"line":152,"column":38}},"50":{"start":{"line":153,"column":85},"end":{"line":153,"column":99}},"51":{"start":{"line":155,"column":4},"end":{"line":157,"column":5}},"52":{"start":{"line":156,"column":6},"end":{"line":156,"column":91}},"53":{"start":{"line":160,"column":29},"end":{"line":163,"column":6}},"54":{"start":{"line":161,"column":81},"end":{"line":161,"column":85}},"55":{"start":{"line":161,"column":99},"end":{"line":161,"column":104}},"56":{"start":{"line":162,"column":81},"end":{"line":162,"column":85}},"57":{"start":{"line":162,"column":99},"end":{"line":162,"column":104}},"58":{"start":{"line":165,"column":4},"end":{"line":170,"column":5}},"59":{"start":{"line":166,"column":6},"end":{"line":169,"column":9}},"60":{"start":{"line":172,"column":4},"end":{"line":174,"column":5}},"61":{"start":{"line":173,"column":6},"end":{"line":173,"column":88}},"62":{"start":{"line":176,"column":25},"end":{"line":185,"column":6}},"63":{"start":{"line":187,"column":4},"end":{"line":187,"column":29}},"64":{"start":{"line":189,"column":4},"end":{"line":189,"column":57}},"65":{"start":{"line":190,"column":19},"end":{"line":190,"column":39}},"66":{"start":{"line":191,"column":4},"end":{"line":194,"column":7}},"67":{"start":{"line":199,"column":0},"end":{"line":224,"column":3}},"68":{"start":{"line":200,"column":2},"end":{"line":223,"column":3}},"69":{"start":{"line":201,"column":28},"end":{"line":201,"column":38}},"70":{"start":{"line":202,"column":47},"end":{"line":202,"column":56}},"71":{"start":{"line":204,"column":27},"end":{"line":209,"column":6}},"72":{"start":{"line":212,"column":25},"end":{"line":214,"column":17}},"73":{"start":{"line":213,"column":33},"end":{"line":213,"column":59}},"74":{"start":{"line":216,"column":4},"end":{"line":216,"column":27}},"75":{"start":{"line":218,"column":4},"end":{"line":218,"column":61}},"76":{"start":{"line":219,"column":4},"end":{"line":222,"column":7}},"77":{"start":{"line":227,"column":0},"end":{"line":246,"column":3}},"78":{"start":{"line":228,"column":2},"end":{"line":245,"column":3}},"79":{"start":{"line":229,"column":28},"end":{"line":229,"column":38}},"80":{"start":{"line":230,"column":26},"end":{"line":230,"column":35}},"81":{"start":{"line":232,"column":31},"end":{"line":236,"column":6}},"82":{"start":{"line":238,"column":4},"end":{"line":238,"column":23}},"83":{"start":{"line":240,"column":4},"end":{"line":240,"column":64}},"84":{"start":{"line":241,"column":4},"end":{"line":244,"column":7}},"85":{"start":{"line":249,"column":0},"end":{"line":267,"column":3}},"86":{"start":{"line":250,"column":2},"end":{"line":266,"column":3}},"87":{"start":{"line":251,"column":41},"end":{"line":251,"column":51}},"88":{"start":{"line":253,"column":27},"end":{"line":257,"column":6}},"89":{"start":{"line":259,"column":4},"end":{"line":259,"column":19}},"90":{"start":{"line":261,"column":4},"end":{"line":261,"column":57}},"91":{"start":{"line":262,"column":4},"end":{"line":265,"column":7}}},"fnMap":{"0":{"name":"(anonymous_0)","decl":{"start":{"line":8,"column":22},"end":{"line":8,"column":23}},"loc":{"start":{"line":8,"column":42},"end":{"line":18,"column":1}},"line":8},"1":{"name":"(anonymous_1)","decl":{"start":{"line":21,"column":44},"end":{"line":21,"column":45}},"loc":{"start":{"line":21,"column":64},"end":{"line":39,"column":1}},"line":21},"2":{"name":"(anonymous_2)","decl":{"start":{"line":29,"column":39},"end":{"line":29,"column":40}},"loc":{"start":{"line":29,"column":47},"end":{"line":29,"column":57}},"line":29},"3":{"name":"(anonymous_3)","decl":{"start":{"line":42,"column":49},"end":{"line":42,"column":50}},"loc":{"start":{"line":42,"column":69},"end":{"line":72,"column":1}},"line":42},"4":{"name":"(anonymous_4)","decl":{"start":{"line":56,"column":31},"end":{"line":56,"column":32}},"loc":{"start":{"line":56,"column":46},"end":{"line":56,"column":73}},"line":56},"5":{"name":"(anonymous_5)","decl":{"start":{"line":57,"column":31},"end":{"line":57,"column":32}},"loc":{"start":{"line":57,"column":46},"end":{"line":57,"column":68}},"line":57},"6":{"name":"(anonymous_6)","decl":{"start":{"line":60,"column":32},"end":{"line":60,"column":33}},"loc":{"start":{"line":60,"column":40},"end":{"line":60,"column":53}},"line":60},"7":{"name":"(anonymous_7)","decl":{"start":{"line":61,"column":33},"end":{"line":61,"column":34}},"loc":{"start":{"line":61,"column":41},"end":{"line":61,"column":53}},"line":61},"8":{"name":"(anonymous_8)","decl":{"start":{"line":75,"column":62},"end":{"line":75,"column":63}},"loc":{"start":{"line":75,"column":82},"end":{"line":127,"column":1}},"line":75},"9":{"name":"(anonymous_9)","decl":{"start":{"line":103,"column":14},"end":{"line":103,"column":15}},"loc":{"start":{"line":103,"column":24},"end":{"line":103,"column":71}},"line":103},"10":{"name":"(anonymous_10)","decl":{"start":{"line":130,"column":65},"end":{"line":130,"column":66}},"loc":{"start":{"line":130,"column":85},"end":{"line":147,"column":1}},"line":130},"11":{"name":"(anonymous_11)","decl":{"start":{"line":141,"column":29},"end":{"line":141,"column":30}},"loc":{"start":{"line":141,"column":35},"end":{"line":141,"column":75}},"line":141},"12":{"name":"(anonymous_12)","decl":{"start":{"line":150,"column":63},"end":{"line":150,"column":64}},"loc":{"start":{"line":150,"column":83},"end":{"line":196,"column":1}},"line":150},"13":{"name":"(anonymous_13)","decl":{"start":{"line":161,"column":75},"end":{"line":161,"column":76}},"loc":{"start":{"line":161,"column":81},"end":{"line":161,"column":85}},"line":161},"14":{"name":"(anonymous_14)","decl":{"start":{"line":161,"column":93},"end":{"line":161,"column":94}},"loc":{"start":{"line":161,"column":99},"end":{"line":161,"column":104}},"line":161},"15":{"name":"(anonymous_15)","decl":{"start":{"line":162,"column":75},"end":{"line":162,"column":76}},"loc":{"start":{"line":162,"column":81},"end":{"line":162,"column":85}},"line":162},"16":{"name":"(anonymous_16)","decl":{"start":{"line":162,"column":93},"end":{"line":162,"column":94}},"loc":{"start":{"line":162,"column":99},"end":{"line":162,"column":104}},"line":162},"17":{"name":"(anonymous_17)","decl":{"start":{"line":199,"column":62},"end":{"line":199,"column":63}},"loc":{"start":{"line":199,"column":82},"end":{"line":224,"column":1}},"line":199},"18":{"name":"(anonymous_18)","decl":{"start":{"line":213,"column":25},"end":{"line":213,"column":26}},"loc":{"start":{"line":213,"column":33},"end":{"line":213,"column":59}},"line":213},"19":{"name":"(anonymous_19)","decl":{"start":{"line":227,"column":65},"end":{"line":227,"column":66}},"loc":{"start":{"line":227,"column":85},"end":{"line":246,"column":1}},"line":227},"20":{"name":"(anonymous_20)","decl":{"start":{"line":249,"column":75},"end":{"line":249,"column":76}},"loc":{"start":{"line":249,"column":95},"end":{"line":267,"column":1}},"line":249}},"branchMap":{"0":{"loc":{"start":{"line":9,"column":2},"end":{"line":11,"column":3}},"type":"if","locations":[{"start":{"line":9,"column":2},"end":{"line":11,"column":3}},{"start":{},"end":{}}],"line":9},"1":{"loc":{"start":{"line":9,"column":6},"end":{"line":9,"column":40}},"type":"binary-expr","locations":[{"start":{"line":9,"column":6},"end":{"line":9,"column":15}},{"start":{"line":9,"column":19},"end":{"line":9,"column":40}}],"line":9},"2":{"loc":{"start":{"line":78,"column":12},"end":{"line":78,"column":25}},"type":"default-arg","locations":[{"start":{"line":78,"column":20},"end":{"line":78,"column":25}}],"line":78},"3":{"loc":{"start":{"line":80,"column":4},"end":{"line":119,"column":5}},"type":"if","locations":[{"start":{"line":80,"column":4},"end":{"line":119,"column":5}},{"start":{"line":107,"column":11},"end":{"line":119,"column":5}}],"line":80},"4":{"loc":{"start":{"line":113,"column":14},"end":{"line":113,"column":54}},"type":"cond-expr","locations":[{"start":{"line":113,"column":33},"end":{"line":113,"column":42}},{"start":{"line":113,"column":45},"end":{"line":113,"column":54}}],"line":113},"5":{"loc":{"start":{"line":153,"column":37},"end":{"line":153,"column":50}},"type":"default-arg","locations":[{"start":{"line":153,"column":45},"end":{"line":153,"column":50}}],"line":153},"6":{"loc":{"start":{"line":153,"column":52},"end":{"line":153,"column":80}},"type":"default-arg","locations":[{"start":{"line":153,"column":76},"end":{"line":153,"column":80}}],"line":153},"7":{"loc":{"start":{"line":153,"column":85},"end":{"line":153,"column":99}},"type":"binary-expr","locations":[{"start":{"line":153,"column":85},"end":{"line":153,"column":93}},{"start":{"line":153,"column":97},"end":{"line":153,"column":99}}],"line":153},"8":{"loc":{"start":{"line":155,"column":4},"end":{"line":157,"column":5}},"type":"if","locations":[{"start":{"line":155,"column":4},"end":{"line":157,"column":5}},{"start":{},"end":{}}],"line":155},"9":{"loc":{"start":{"line":155,"column":8},"end":{"line":155,"column":32}},"type":"binary-expr","locations":[{"start":{"line":155,"column":8},"end":{"line":155,"column":14}},{"start":{"line":155,"column":18},"end":{"line":155,"column":23}},{"start":{"line":155,"column":27},"end":{"line":155,"column":32}}],"line":155},"10":{"loc":{"start":{"line":165,"column":4},"end":{"line":170,"column":5}},"type":"if","locations":[{"start":{"line":165,"column":4},"end":{"line":170,"column":5}},{"start":{},"end":{}}],"line":165},"11":{"loc":{"start":{"line":165,"column":8},"end":{"line":165,"column":26}},"type":"binary-expr","locations":[{"start":{"line":165,"column":8},"end":{"line":165,"column":15}},{"start":{"line":165,"column":19},"end":{"line":165,"column":26}}],"line":165},"12":{"loc":{"start":{"line":168,"column":20},"end":{"line":168,"column":41}},"type":"cond-expr","locations":[{"start":{"line":168,"column":30},"end":{"line":168,"column":36}},{"start":{"line":168,"column":39},"end":{"line":168,"column":41}}],"line":168},"13":{"loc":{"start":{"line":168,"column":44},"end":{"line":168,"column":77}},"type":"cond-expr","locations":[{"start":{"line":168,"column":65},"end":{"line":168,"column":72}},{"start":{"line":168,"column":75},"end":{"line":168,"column":77}}],"line":168},"14":{"loc":{"start":{"line":168,"column":44},"end":{"line":168,"column":62}},"type":"binary-expr","locations":[{"start":{"line":168,"column":44},"end":{"line":168,"column":51}},{"start":{"line":168,"column":55},"end":{"line":168,"column":62}}],"line":168},"15":{"loc":{"start":{"line":168,"column":80},"end":{"line":168,"column":101}},"type":"cond-expr","locations":[{"start":{"line":168,"column":90},"end":{"line":168,"column":96}},{"start":{"line":168,"column":99},"end":{"line":168,"column":101}}],"line":168},"16":{"loc":{"start":{"line":172,"column":4},"end":{"line":174,"column":5}},"type":"if","locations":[{"start":{"line":172,"column":4},"end":{"line":174,"column":5}},{"start":{},"end":{}}],"line":172},"17":{"loc":{"start":{"line":190,"column":19},"end":{"line":190,"column":39}},"type":"binary-expr","locations":[{"start":{"line":190,"column":19},"end":{"line":190,"column":32}},{"start":{"line":190,"column":36},"end":{"line":190,"column":39}}],"line":190},"18":{"loc":{"start":{"line":202,"column":12},"end":{"line":202,"column":21}},"type":"default-arg","locations":[{"start":{"line":202,"column":19},"end":{"line":202,"column":21}}],"line":202},"19":{"loc":{"start":{"line":202,"column":23},"end":{"line":202,"column":42}},"type":"default-arg","locations":[{"start":{"line":202,"column":35},"end":{"line":202,"column":42}}],"line":202},"20":{"loc":{"start":{"line":212,"column":25},"end":{"line":214,"column":17}},"type":"cond-expr","locations":[{"start":{"line":213,"column":8},"end":{"line":213,"column":60}},{"start":{"line":214,"column":8},"end":{"line":214,"column":17}}],"line":212},"21":{"loc":{"start":{"line":230,"column":12},"end":{"line":230,"column":21}},"type":"default-arg","locations":[{"start":{"line":230,"column":19},"end":{"line":230,"column":21}}],"line":230}},"s":{"0":1,"1":1,"2":8,"3":0,"4":8,"5":8,"6":1,"7":1,"8":1,"9":1,"10":2,"11":1,"12":0,"13":0,"14":1,"15":1,"16":1,"17":1,"18":1,"19":2,"20":2,"21":2,"22":2,"23":1,"24":0,"25":0,"26":1,"27":2,"28":2,"29":2,"30":2,"31":1,"32":1,"33":1,"34":1,"35":1,"36":1,"37":0,"38":0,"39":1,"40":1,"41":1,"42":1,"43":1,"44":1,"45":0,"46":0,"47":1,"48":1,"49":1,"50":1,"51":1,"52":0,"53":1,"54":0,"55":1,"56":0,"57":1,"58":1,"59":1,"60":0,"61":0,"62":0,"63":0,"64":0,"65":0,"66":0,"67":1,"68":1,"69":1,"70":1,"71":1,"72":1,"73":0,"74":1,"75":0,"76":0,"77":1,"78":1,"79":1,"80":1,"81":1,"82":1,"83":0,"84":0,"85":1,"86":0,"87":0,"88":0,"89":0,"90":0,"91":0},"f":{"0":8,"1":1,"2":2,"3":1,"4":2,"5":2,"6":2,"7":2,"8":2,"9":1,"10":1,"11":1,"12":1,"13":0,"14":1,"15":0,"16":1,"17":1,"18":0,"19":1,"20":0},"b":{"0":[0,8],"1":[8,8],"2":[1],"3":[1,1],"4":[1,0],"5":[1],"6":[1],"7":[1,0],"8":[0,1],"9":[1,1,1],"10":[1,0],"11":[1,0],"12":[1,0],"13":[1,0],"14":[1,1],"15":[1,0],"16":[0,0],"17":[0,0],"18":[1],"19":[1],"20":[0,1],"21":[1]},"_coverageSchema":"1a1c01bbd47fc00a2c39e90264f33305004495a9","hash":"dfe5e1bc0d001a4a06b1c492078ab70591116b52"}
}
