TN:
SF:index.js
FN:36,(anonymous_0)
FN:54,(anonymous_1)
FN:59,(anonymous_2)
FN:123,(anonymous_3)
FN:128,(anonymous_4)
FN:137,(anonymous_5)
FN:142,(anonymous_6)
FNF:7
FNH:0
FNDA:0,(anonymous_0)
FNDA:0,(anonymous_1)
FNDA:0,(anonymous_2)
FNDA:0,(anonymous_3)
FNDA:0,(anonymous_4)
FNDA:0,(anonymous_5)
FNDA:0,(anonymous_6)
DA:6,0
DA:7,0
DA:10,0
DA:13,0
DA:14,0
DA:15,0
DA:16,0
DA:17,0
DA:18,0
DA:19,0
DA:20,0
DA:32,0
DA:37,0
DA:39,0
DA:47,0
DA:49,0
DA:54,0
DA:55,0
DA:59,0
DA:60,0
DA:68,0
DA:69,0
DA:72,0
DA:84,0
DA:89,0
DA:92,0
DA:98,0
DA:99,0
DA:102,0
DA:114,0
DA:115,0
DA:118,0
DA:119,0
DA:120,0
DA:123,0
DA:124,0
DA:128,0
DA:129,0
DA:130,0
DA:137,0
DA:138,0
DA:142,0
DA:143,0
DA:144,0
DA:145,0
LF:45
LH:0
BRDA:13,0,0,0
BRDA:13,0,1,0
BRDA:35,1,0,0
BRDA:35,1,1,0
BRDA:69,2,0,0
BRDA:69,2,1,0
BRDA:93,3,0,0
BRDA:93,3,1,0
BRDA:103,4,0,0
BRDA:103,4,1,0
BRDA:132,5,0,0
BRDA:132,5,1,0
BRF:12
BRH:0
end_of_record
TN:
SF:routes\auth.js
FN:12,(anonymous_0)
FN:19,(anonymous_1)
FN:20,(anonymous_2)
FN:24,(anonymous_3)
FN:35,(anonymous_4)
FN:49,(anonymous_5)
FNF:6
FNH:3
FNDA:1,(anonymous_0)
FNDA:0,(anonymous_1)
FNDA:0,(anonymous_2)
FNDA:0,(anonymous_3)
FNDA:2,(anonymous_4)
FNDA:2,(anonymous_5)
DA:5,1
DA:8,1
DA:10,1
DA:14,1
DA:19,1
DA:20,0
DA:21,0
DA:22,0
DA:24,0
DA:25,0
DA:26,0
DA:28,0
DA:29,0
DA:35,1
DA:36,2
DA:37,1
DA:44,1
DA:49,1
DA:50,2
DA:51,1
DA:53,1
LF:21
LH:13
BRDA:14,0,0,1
BRDA:14,0,1,1
BRDA:21,1,0,0
BRDA:21,1,1,0
BRDA:25,2,0,0
BRDA:25,2,1,0
BRDA:36,3,0,1
BRDA:36,3,1,1
BRDA:50,4,0,1
BRDA:50,4,1,1
BRF:10
BRH:6
end_of_record
TN:
SF:routes\comments.js
FN:8,(anonymous_0)
FN:21,(anonymous_1)
FN:72,(anonymous_2)
FNF:3
FNH:3
FNDA:3,(anonymous_0)
FNDA:2,(anonymous_1)
FNDA:1,(anonymous_2)
DA:5,1
DA:8,1
DA:9,3
DA:10,0
DA:13,3
DA:17,3
DA:21,1
DA:22,2
DA:23,2
DA:24,2
DA:26,2
DA:27,1
DA:31,1
DA:38,1
DA:48,0
DA:50,0
DA:51,0
DA:57,0
DA:58,0
DA:64,0
DA:72,1
DA:73,1
DA:74,1
DA:76,1
DA:83,1
DA:85,0
DA:86,0
LF:27
LH:18
BRDA:9,0,0,0
BRDA:9,0,1,3
BRDA:9,1,0,3
BRDA:9,1,1,3
BRDA:26,2,0,1
BRDA:26,2,1,1
BRDA:26,3,0,2
BRDA:26,3,1,2
BRDA:50,4,0,0
BRDA:50,4,1,0
BRDA:57,5,0,0
BRDA:57,5,1,0
BRF:12
BRH:7
end_of_record
TN:
SF:routes\repos.js
FN:8,(anonymous_0)
FN:21,(anonymous_1)
FN:29,(anonymous_2)
FN:42,(anonymous_3)
FN:56,(anonymous_4)
FN:57,(anonymous_5)
FN:60,(anonymous_6)
FN:61,(anonymous_7)
FN:75,(anonymous_8)
FN:103,(anonymous_9)
FN:130,(anonymous_10)
FN:141,(anonymous_11)
FN:150,(anonymous_12)
FN:161,(anonymous_13)
FN:161,(anonymous_14)
FN:162,(anonymous_15)
FN:162,(anonymous_16)
FN:199,(anonymous_17)
FN:213,(anonymous_18)
FN:227,(anonymous_19)
FN:249,(anonymous_20)
FNF:21
FNH:17
FNDA:8,(anonymous_0)
FNDA:1,(anonymous_1)
FNDA:2,(anonymous_2)
FNDA:1,(anonymous_3)
FNDA:2,(anonymous_4)
FNDA:2,(anonymous_5)
FNDA:2,(anonymous_6)
FNDA:2,(anonymous_7)
FNDA:2,(anonymous_8)
FNDA:1,(anonymous_9)
FNDA:1,(anonymous_10)
FNDA:1,(anonymous_11)
FNDA:1,(anonymous_12)
FNDA:0,(anonymous_13)
FNDA:1,(anonymous_14)
FNDA:0,(anonymous_15)
FNDA:1,(anonymous_16)
FNDA:1,(anonymous_17)
FNDA:0,(anonymous_18)
FNDA:1,(anonymous_19)
FNDA:0,(anonymous_20)
DA:5,1
DA:8,1
DA:9,8
DA:10,0
DA:13,8
DA:17,8
DA:21,1
DA:22,1
DA:23,1
DA:29,2
DA:31,1
DA:33,0
DA:34,0
DA:42,1
DA:43,1
DA:45,1
DA:48,1
DA:54,1
DA:56,2
DA:57,2
DA:60,2
DA:61,2
DA:64,1
DA:66,0
DA:67,0
DA:75,1
DA:76,2
DA:77,2
DA:78,2
DA:80,2
DA:82,1
DA:102,1
DA:103,1
DA:106,1
DA:109,1
DA:118,1
DA:121,0
DA:122,0
DA:130,1
DA:131,1
DA:132,1
DA:134,1
DA:139,1
DA:141,1
DA:144,0
DA:145,0
DA:150,1
DA:151,1
DA:152,1
DA:153,1
DA:155,1
DA:156,0
DA:160,1
DA:161,1
DA:162,1
DA:165,1
DA:166,1
DA:172,0
DA:173,0
DA:176,0
DA:187,0
DA:189,0
DA:190,0
DA:191,0
DA:199,1
DA:200,1
DA:201,1
DA:202,1
DA:204,1
DA:212,1
DA:213,0
DA:216,1
DA:218,0
DA:219,0
DA:227,1
DA:228,1
DA:229,1
DA:230,1
DA:232,1
DA:238,1
DA:240,0
DA:241,0
DA:249,1
DA:250,0
DA:251,0
DA:253,0
DA:259,0
DA:261,0
DA:262,0
LF:89
LH:61
BRDA:9,0,0,0
BRDA:9,0,1,8
BRDA:9,1,0,8
BRDA:9,1,1,8
BRDA:78,2,0,1
BRDA:80,3,0,1
BRDA:80,3,1,1
BRDA:113,4,0,1
BRDA:113,4,1,0
BRDA:153,5,0,1
BRDA:153,6,0,1
BRDA:153,7,0,1
BRDA:153,7,1,0
BRDA:155,8,0,0
BRDA:155,8,1,1
BRDA:155,9,0,1
BRDA:155,9,1,1
BRDA:155,9,2,1
BRDA:165,10,0,1
BRDA:165,10,1,0
BRDA:165,11,0,1
BRDA:165,11,1,0
BRDA:168,12,0,1
BRDA:168,12,1,0
BRDA:168,13,0,1
BRDA:168,13,1,0
BRDA:168,14,0,1
BRDA:168,14,1,1
BRDA:168,15,0,1
BRDA:168,15,1,0
BRDA:172,16,0,0
BRDA:172,16,1,0
BRDA:190,17,0,0
BRDA:190,17,1,0
BRDA:202,18,0,1
BRDA:202,19,0,1
BRDA:212,20,0,0
BRDA:212,20,1,1
BRDA:230,21,0,1
BRF:39
BRH:25
end_of_record
