{"C:\\Users\\Hp\\Desktop\\git-pr-dashboard\\git-pr-dashboard\\client\\src\\App.jsx": {"path":"C:\\Users\\Hp\\Desktop\\git-pr-dashboard\\git-pr-dashboard\\client\\src\\App.jsx","statementMap":{"0":{"start":{"line":9,"column":2},"end":{"line":19,"column":4}}},"fnMap":{"0":{"name":"App","decl":{"start":{"line":8,"column":9},"end":{"line":8,"column":12}},"loc":{"start":{"line":8,"column":15},"end":{"line":20,"column":1}},"line":8}},"branchMap":{},"s":{"0":0},"f":{"0":0},"b":{}}
,"C:\\Users\\Hp\\Desktop\\git-pr-dashboard\\git-pr-dashboard\\client\\src\\components\\ui\\button.jsx": {"path":"C:\\Users\\Hp\\Desktop\\git-pr-dashboard\\git-pr-dashboard\\client\\src\\components\\ui\\button.jsx","statementMap":{"0":{"start":{"line":5,"column":23},"end":{"line":32,"column":1}},"1":{"start":{"line":34,"column":15},"end":{"line":43,"column":2}},"2":{"start":{"line":35,"column":15},"end":{"line":35,"column":42}},"3":{"start":{"line":36,"column":2},"end":{"line":42,"column":3}},"4":{"start":{"line":44,"column":0},"end":{"line":44,"column":29}}},"fnMap":{"0":{"name":"(anonymous_0)","decl":{"start":{"line":34,"column":32},"end":{"line":34,"column":33}},"loc":{"start":{"line":34,"column":98},"end":{"line":43,"column":1}},"line":34}},"branchMap":{"0":{"loc":{"start":{"line":34,"column":61},"end":{"line":34,"column":76}},"type":"default-arg","locations":[{"start":{"line":34,"column":71},"end":{"line":34,"column":76}}],"line":34},"1":{"loc":{"start":{"line":35,"column":15},"end":{"line":35,"column":42}},"type":"cond-expr","locations":[{"start":{"line":35,"column":25},"end":{"line":35,"column":31}},{"start":{"line":35,"column":34},"end":{"line":35,"column":42}}],"line":35}},"s":{"0":4,"1":4,"2":76,"3":76,"4":4},"f":{"0":76},"b":{"0":[76],"1":[0,76]},"_coverageSchema":"1a1c01bbd47fc00a2c39e90264f33305004495a9","hash":"f73b6544ce0ebc865b8d2242908fc51cd5cffc62"}
,"C:\\Users\\Hp\\Desktop\\git-pr-dashboard\\git-pr-dashboard\\client\\src\\components\\ui\\card.jsx": {"path":"C:\\Users\\Hp\\Desktop\\git-pr-dashboard\\git-pr-dashboard\\client\\src\\components\\ui\\card.jsx","statementMap":{"0":{"start":{"line":4,"column":13},"end":{"line":13,"column":2}},"1":{"start":{"line":5,"column":2},"end":{"line":12,"column":4}},"2":{"start":{"line":14,"column":0},"end":{"line":14,"column":25}},"3":{"start":{"line":16,"column":19},"end":{"line":22,"column":2}},"4":{"start":{"line":17,"column":2},"end":{"line":21,"column":4}},"5":{"start":{"line":23,"column":0},"end":{"line":23,"column":37}},"6":{"start":{"line":25,"column":18},"end":{"line":34,"column":2}},"7":{"start":{"line":26,"column":2},"end":{"line":33,"column":4}},"8":{"start":{"line":35,"column":0},"end":{"line":35,"column":35}},"9":{"start":{"line":37,"column":24},"end":{"line":43,"column":2}},"10":{"start":{"line":38,"column":2},"end":{"line":42,"column":4}},"11":{"start":{"line":44,"column":0},"end":{"line":44,"column":47}},"12":{"start":{"line":46,"column":20},"end":{"line":48,"column":2}},"13":{"start":{"line":47,"column":2},"end":{"line":47,"column":68}},"14":{"start":{"line":49,"column":0},"end":{"line":49,"column":39}},"15":{"start":{"line":51,"column":19},"end":{"line":57,"column":2}},"16":{"start":{"line":52,"column":2},"end":{"line":56,"column":4}},"17":{"start":{"line":58,"column":0},"end":{"line":58,"column":37}}},"fnMap":{"0":{"name":"(anonymous_0)","decl":{"start":{"line":4,"column":30},"end":{"line":4,"column":31}},"loc":{"start":{"line":5,"column":2},"end":{"line":12,"column":4}},"line":5},"1":{"name":"(anonymous_1)","decl":{"start":{"line":16,"column":36},"end":{"line":16,"column":37}},"loc":{"start":{"line":17,"column":2},"end":{"line":21,"column":4}},"line":17},"2":{"name":"(anonymous_2)","decl":{"start":{"line":25,"column":35},"end":{"line":25,"column":36}},"loc":{"start":{"line":26,"column":2},"end":{"line":33,"column":4}},"line":26},"3":{"name":"(anonymous_3)","decl":{"start":{"line":37,"column":41},"end":{"line":37,"column":42}},"loc":{"start":{"line":38,"column":2},"end":{"line":42,"column":4}},"line":38},"4":{"name":"(anonymous_4)","decl":{"start":{"line":46,"column":37},"end":{"line":46,"column":38}},"loc":{"start":{"line":47,"column":2},"end":{"line":47,"column":68}},"line":47},"5":{"name":"(anonymous_5)","decl":{"start":{"line":51,"column":36},"end":{"line":51,"column":37}},"loc":{"start":{"line":52,"column":2},"end":{"line":56,"column":4}},"line":52}},"branchMap":{},"s":{"0":4,"1":39,"2":4,"3":4,"4":14,"5":4,"6":4,"7":14,"8":4,"9":4,"10":8,"11":4,"12":4,"13":33,"14":4,"15":4,"16":0,"17":4},"f":{"0":39,"1":14,"2":14,"3":8,"4":33,"5":0},"b":{},"_coverageSchema":"1a1c01bbd47fc00a2c39e90264f33305004495a9","hash":"c86876e00ade6247c21baeaab796a0ef6bb8b64b"}
,"C:\\Users\\Hp\\Desktop\\git-pr-dashboard\\git-pr-dashboard\\client\\src\\components\\ui\\input.jsx": {"path":"C:\\Users\\Hp\\Desktop\\git-pr-dashboard\\git-pr-dashboard\\client\\src\\components\\ui\\input.jsx","statementMap":{"0":{"start":{"line":4,"column":14},"end":{"line":17,"column":2}},"1":{"start":{"line":5,"column":2},"end":{"line":16,"column":3}},"2":{"start":{"line":18,"column":0},"end":{"line":18,"column":27}}},"fnMap":{"0":{"name":"(anonymous_0)","decl":{"start":{"line":4,"column":31},"end":{"line":4,"column":32}},"loc":{"start":{"line":4,"column":71},"end":{"line":17,"column":1}},"line":4}},"branchMap":{},"s":{"0":1,"1":5,"2":1},"f":{"0":5},"b":{},"_coverageSchema":"1a1c01bbd47fc00a2c39e90264f33305004495a9","hash":"031d7a198c4a3da15a41fec0017cfc69e46ed660"}
,"C:\\Users\\Hp\\Desktop\\git-pr-dashboard\\git-pr-dashboard\\client\\src\\components\\ui\\textarea.jsx": {"path":"C:\\Users\\Hp\\Desktop\\git-pr-dashboard\\git-pr-dashboard\\client\\src\\components\\ui\\textarea.jsx","statementMap":{"0":{"start":{"line":4,"column":17},"end":{"line":15,"column":2}},"1":{"start":{"line":5,"column":2},"end":{"line":14,"column":3}},"2":{"start":{"line":16,"column":0},"end":{"line":16,"column":33}}},"fnMap":{"0":{"name":"(anonymous_0)","decl":{"start":{"line":4,"column":34},"end":{"line":4,"column":35}},"loc":{"start":{"line":4,"column":68},"end":{"line":15,"column":1}},"line":4}},"branchMap":{},"s":{"0":1,"1":3,"2":1},"f":{"0":3},"b":{},"_coverageSchema":"1a1c01bbd47fc00a2c39e90264f33305004495a9","hash":"3a6bd137f2fed19c36b3a7f8233840a8936feb42"}
,"C:\\Users\\Hp\\Desktop\\git-pr-dashboard\\git-pr-dashboard\\client\\src\\lib\\utils.js": {"path":"C:\\Users\\Hp\\Desktop\\git-pr-dashboard\\git-pr-dashboard\\client\\src\\lib\\utils.js","statementMap":{"0":{"start":{"line":5,"column":2},"end":{"line":5,"column":30}}},"fnMap":{"0":{"name":"cn","decl":{"start":{"line":4,"column":16},"end":{"line":4,"column":18}},"loc":{"start":{"line":4,"column":30},"end":{"line":6,"column":1}},"line":4}},"branchMap":{},"s":{"0":192},"f":{"0":192},"b":{},"_coverageSchema":"1a1c01bbd47fc00a2c39e90264f33305004495a9","hash":"a6da930b8d684ac8f660507a8a884b551535a9e1"}
,"C:\\Users\\Hp\\Desktop\\git-pr-dashboard\\git-pr-dashboard\\client\\src\\pages\\Dashboard.jsx": {"path":"C:\\Users\\Hp\\Desktop\\git-pr-dashboard\\git-pr-dashboard\\client\\src\\pages\\Dashboard.jsx","statementMap":{"0":{"start":{"line":8,"column":18},"end":{"line":345,"column":1}},"1":{"start":{"line":9,"column":42},"end":{"line":9,"column":54}},"2":{"start":{"line":10,"column":36},"end":{"line":10,"column":50}},"3":{"start":{"line":11,"column":34},"end":{"line":11,"column":48}},"4":{"start":{"line":12,"column":32},"end":{"line":12,"column":46}},"5":{"start":{"line":13,"column":28},"end":{"line":13,"column":42}},"6":{"start":{"line":14,"column":56},"end":{"line":14,"column":71}},"7":{"start":{"line":15,"column":38},"end":{"line":15,"column":52}},"8":{"start":{"line":16,"column":19},"end":{"line":16,"column":32}},"9":{"start":{"line":18,"column":2},"end":{"line":25,"column":9}},"10":{"start":{"line":19,"column":4},"end":{"line":19,"column":16}},"11":{"start":{"line":21,"column":23},"end":{"line":21,"column":52}},"12":{"start":{"line":22,"column":20},"end":{"line":22,"column":42}},"13":{"start":{"line":23,"column":4},"end":{"line":23,"column":28}},"14":{"start":{"line":24,"column":4},"end":{"line":24,"column":64}},"15":{"start":{"line":28,"column":2},"end":{"line":39,"column":28}},"16":{"start":{"line":29,"column":31},"end":{"line":33,"column":5}},"17":{"start":{"line":30,"column":6},"end":{"line":32,"column":7}},"18":{"start":{"line":31,"column":8},"end":{"line":31,"column":38}},"19":{"start":{"line":35,"column":4},"end":{"line":35,"column":63}},"20":{"start":{"line":36,"column":4},"end":{"line":38,"column":6}},"21":{"start":{"line":37,"column":6},"end":{"line":37,"column":68}},"22":{"start":{"line":41,"column":20},"end":{"line":59,"column":3}},"23":{"start":{"line":42,"column":4},"end":{"line":58,"column":5}},"24":{"start":{"line":43,"column":6},"end":{"line":43,"column":23}},"25":{"start":{"line":44,"column":59},"end":{"line":48,"column":8}},"26":{"start":{"line":50,"column":6},"end":{"line":50,"column":42}},"27":{"start":{"line":51,"column":6},"end":{"line":51,"column":39}},"28":{"start":{"line":52,"column":6},"end":{"line":52,"column":37}},"29":{"start":{"line":54,"column":6},"end":{"line":54,"column":39}},"30":{"start":{"line":55,"column":6},"end":{"line":55,"column":49}},"31":{"start":{"line":57,"column":6},"end":{"line":57,"column":24}},"32":{"start":{"line":61,"column":23},"end":{"line":71,"column":3}},"33":{"start":{"line":62,"column":4},"end":{"line":70,"column":5}},"34":{"start":{"line":63,"column":6},"end":{"line":65,"column":9}},"35":{"start":{"line":66,"column":6},"end":{"line":66,"column":20}},"36":{"start":{"line":68,"column":6},"end":{"line":68,"column":42}},"37":{"start":{"line":69,"column":6},"end":{"line":69,"column":20}},"38":{"start":{"line":73,"column":26},"end":{"line":75,"column":3}},"39":{"start":{"line":74,"column":4},"end":{"line":74,"column":55}},"40":{"start":{"line":77,"column":27},"end":{"line":79,"column":3}},"41":{"start":{"line":78,"column":4},"end":{"line":78,"column":61}},"42":{"start":{"line":81,"column":22},"end":{"line":87,"column":3}},"43":{"start":{"line":82,"column":22},"end":{"line":82,"column":33}},"44":{"start":{"line":83,"column":4},"end":{"line":83,"column":29}},"45":{"start":{"line":84,"column":21},"end":{"line":84,"column":31}},"46":{"start":{"line":85,"column":4},"end":{"line":85,"column":63}},"47":{"start":{"line":86,"column":4},"end":{"line":86,"column":65}},"48":{"start":{"line":89,"column":2},"end":{"line":98,"column":3}},"49":{"start":{"line":90,"column":4},"end":{"line":97,"column":6}},"50":{"start":{"line":100,"column":2},"end":{"line":113,"column":3}},"51":{"start":{"line":101,"column":4},"end":{"line":112,"column":6}},"52":{"start":{"line":115,"column":2},"end":{"line":344,"column":4}},"53":{"start":{"line":147,"column":31},"end":{"line":147,"column":75}},"54":{"start":{"line":273,"column":14},"end":{"line":338,"column":21}},"55":{"start":{"line":324,"column":37},"end":{"line":324,"column":58}},"56":{"start":{"line":332,"column":37},"end":{"line":332,"column":59}}},"fnMap":{"0":{"name":"(anonymous_0)","decl":{"start":{"line":8,"column":18},"end":{"line":8,"column":19}},"loc":{"start":{"line":8,"column":24},"end":{"line":345,"column":1}},"line":8},"1":{"name":"(anonymous_1)","decl":{"start":{"line":18,"column":12},"end":{"line":18,"column":13}},"loc":{"start":{"line":18,"column":18},"end":{"line":25,"column":3}},"line":18},"2":{"name":"(anonymous_2)","decl":{"start":{"line":28,"column":12},"end":{"line":28,"column":13}},"loc":{"start":{"line":28,"column":18},"end":{"line":39,"column":3}},"line":28},"3":{"name":"(anonymous_3)","decl":{"start":{"line":29,"column":31},"end":{"line":29,"column":32}},"loc":{"start":{"line":29,"column":42},"end":{"line":33,"column":5}},"line":29},"4":{"name":"(anonymous_4)","decl":{"start":{"line":36,"column":11},"end":{"line":36,"column":12}},"loc":{"start":{"line":36,"column":17},"end":{"line":38,"column":5}},"line":36},"5":{"name":"(anonymous_5)","decl":{"start":{"line":41,"column":20},"end":{"line":41,"column":21}},"loc":{"start":{"line":41,"column":32},"end":{"line":59,"column":3}},"line":41},"6":{"name":"(anonymous_6)","decl":{"start":{"line":61,"column":23},"end":{"line":61,"column":24}},"loc":{"start":{"line":61,"column":35},"end":{"line":71,"column":3}},"line":61},"7":{"name":"(anonymous_7)","decl":{"start":{"line":73,"column":26},"end":{"line":73,"column":27}},"loc":{"start":{"line":73,"column":36},"end":{"line":75,"column":3}},"line":73},"8":{"name":"(anonymous_8)","decl":{"start":{"line":77,"column":27},"end":{"line":77,"column":28}},"loc":{"start":{"line":77,"column":37},"end":{"line":79,"column":3}},"line":77},"9":{"name":"(anonymous_9)","decl":{"start":{"line":81,"column":22},"end":{"line":81,"column":23}},"loc":{"start":{"line":81,"column":28},"end":{"line":87,"column":3}},"line":81},"10":{"name":"(anonymous_10)","decl":{"start":{"line":147,"column":25},"end":{"line":147,"column":26}},"loc":{"start":{"line":147,"column":31},"end":{"line":147,"column":75}},"line":147},"11":{"name":"(anonymous_11)","decl":{"start":{"line":272,"column":30},"end":{"line":272,"column":31}},"loc":{"start":{"line":273,"column":14},"end":{"line":338,"column":21}},"line":273},"12":{"name":"(anonymous_12)","decl":{"start":{"line":324,"column":31},"end":{"line":324,"column":32}},"loc":{"start":{"line":324,"column":37},"end":{"line":324,"column":58}},"line":324},"13":{"name":"(anonymous_13)","decl":{"start":{"line":332,"column":31},"end":{"line":332,"column":32}},"loc":{"start":{"line":332,"column":37},"end":{"line":332,"column":59}},"line":332}},"branchMap":{"0":{"loc":{"start":{"line":30,"column":6},"end":{"line":32,"column":7}},"type":"if","locations":[{"start":{"line":30,"column":6},"end":{"line":32,"column":7}},{"start":{},"end":{}}],"line":30},"1":{"loc":{"start":{"line":30,"column":10},"end":{"line":30,"column":75}},"type":"binary-expr","locations":[{"start":{"line":30,"column":10},"end":{"line":30,"column":29}},{"start":{"line":30,"column":33},"end":{"line":30,"column":75}}],"line":30},"2":{"loc":{"start":{"line":63,"column":26},"end":{"line":63,"column":81}},"type":"binary-expr","locations":[{"start":{"line":63,"column":26},"end":{"line":63,"column":54}},{"start":{"line":63,"column":58},"end":{"line":63,"column":81}}],"line":63},"3":{"loc":{"start":{"line":85,"column":34},"end":{"line":85,"column":61}},"type":"cond-expr","locations":[{"start":{"line":85,"column":45},"end":{"line":85,"column":52}},{"start":{"line":85,"column":55},"end":{"line":85,"column":61}}],"line":85},"4":{"loc":{"start":{"line":89,"column":2},"end":{"line":98,"column":3}},"type":"if","locations":[{"start":{"line":89,"column":2},"end":{"line":98,"column":3}},{"start":{},"end":{}}],"line":89},"5":{"loc":{"start":{"line":100,"column":2},"end":{"line":113,"column":3}},"type":"if","locations":[{"start":{"line":100,"column":2},"end":{"line":113,"column":3}},{"start":{},"end":{}}],"line":100},"6":{"loc":{"start":{"line":133,"column":23},"end":{"line":133,"column":82}},"type":"cond-expr","locations":[{"start":{"line":133,"column":36},"end":{"line":133,"column":58}},{"start":{"line":133,"column":61},"end":{"line":133,"column":82}}],"line":133},"7":{"loc":{"start":{"line":135,"column":17},"end":{"line":139,"column":17}},"type":"cond-expr","locations":[{"start":{"line":136,"column":18},"end":{"line":136,"column":61}},{"start":{"line":138,"column":18},"end":{"line":138,"column":60}}],"line":135},"8":{"loc":{"start":{"line":150,"column":17},"end":{"line":158,"column":17}},"type":"cond-expr","locations":[{"start":{"line":151,"column":18},"end":{"line":155,"column":20}},{"start":{"line":157,"column":18},"end":{"line":157,"column":46}}],"line":150},"9":{"loc":{"start":{"line":159,"column":47},"end":{"line":159,"column":75}},"type":"binary-expr","locations":[{"start":{"line":159,"column":47},"end":{"line":159,"column":65}},{"start":{"line":159,"column":69},"end":{"line":159,"column":75}}],"line":159},"10":{"loc":{"start":{"line":163,"column":15},"end":{"line":179,"column":15}},"type":"binary-expr","locations":[{"start":{"line":163,"column":15},"end":{"line":163,"column":34}},{"start":{"line":164,"column":16},"end":{"line":178,"column":22}}],"line":163},"11":{"loc":{"start":{"line":167,"column":70},"end":{"line":167,"column":113}},"type":"binary-expr","locations":[{"start":{"line":167,"column":70},"end":{"line":167,"column":91}},{"start":{"line":167,"column":95},"end":{"line":167,"column":113}}],"line":167},"12":{"loc":{"start":{"line":191,"column":22},"end":{"line":191,"column":75}},"type":"binary-expr","locations":[{"start":{"line":191,"column":22},"end":{"line":191,"column":43}},{"start":{"line":191,"column":47},"end":{"line":191,"column":65}},{"start":{"line":191,"column":69},"end":{"line":191,"column":75}}],"line":191},"13":{"loc":{"start":{"line":199,"column":9},"end":{"line":251,"column":9}},"type":"binary-expr","locations":[{"start":{"line":199,"column":9},"end":{"line":199,"column":18}},{"start":{"line":200,"column":10},"end":{"line":250,"column":16}}],"line":199},"14":{"loc":{"start":{"line":260,"column":9},"end":{"line":341,"column":9}},"type":"cond-expr","locations":[{"start":{"line":261,"column":10},"end":{"line":269,"column":17}},{"start":{"line":271,"column":10},"end":{"line":340,"column":16}}],"line":260},"15":{"loc":{"start":{"line":288,"column":23},"end":{"line":292,"column":23}},"type":"binary-expr","locations":[{"start":{"line":288,"column":23},"end":{"line":288,"column":35}},{"start":{"line":289,"column":24},"end":{"line":291,"column":31}}],"line":288},"16":{"loc":{"start":{"line":297,"column":19},"end":{"line":301,"column":19}},"type":"binary-expr","locations":[{"start":{"line":297,"column":19},"end":{"line":297,"column":35}},{"start":{"line":298,"column":20},"end":{"line":300,"column":24}}],"line":297},"17":{"loc":{"start":{"line":306,"column":25},"end":{"line":306,"column":55}},"type":"binary-expr","locations":[{"start":{"line":306,"column":25},"end":{"line":306,"column":38}},{"start":{"line":306,"column":42},"end":{"line":306,"column":55}}],"line":306}},"s":{"0":1,"1":8,"2":8,"3":8,"4":8,"5":8,"6":8,"7":8,"8":8,"9":8,"10":4,"11":4,"12":4,"13":4,"14":4,"15":8,"16":5,"17":0,"18":0,"19":5,"20":5,"21":5,"22":8,"23":4,"24":4,"25":4,"26":3,"27":2,"28":2,"29":2,"30":2,"31":4,"32":8,"33":1,"34":1,"35":1,"36":0,"37":0,"38":8,"39":1,"40":8,"41":1,"42":8,"43":0,"44":0,"45":0,"46":0,"47":0,"48":8,"49":4,"50":4,"51":1,"52":3,"53":1,"54":1,"55":1,"56":1},"f":{"0":8,"1":4,"2":5,"3":0,"4":5,"5":4,"6":1,"7":1,"8":1,"9":0,"10":1,"11":1,"12":1,"13":1},"b":{"0":[0,0],"1":[0,0],"2":[1,1],"3":[0,0],"4":[4,4],"5":[1,3],"6":[3,0],"7":[3,0],"8":[1,2],"9":[3,0],"10":[3,1],"11":[1,1],"12":[3,2,0],"13":[3,3],"14":[2,1],"15":[1,0],"16":[1,0],"17":[1,1]},"_coverageSchema":"1a1c01bbd47fc00a2c39e90264f33305004495a9","hash":"9502efc5334ac2a35c43d92fa99c79e6d71296b3"}
,"C:\\Users\\Hp\\Desktop\\git-pr-dashboard\\git-pr-dashboard\\client\\src\\pages\\Login.jsx": {"path":"C:\\Users\\Hp\\Desktop\\git-pr-dashboard\\git-pr-dashboard\\client\\src\\pages\\Login.jsx","statementMap":{"0":{"start":{"line":6,"column":14},"end":{"line":75,"column":1}},"1":{"start":{"line":7,"column":38},"end":{"line":7,"column":52}},"2":{"start":{"line":9,"column":2},"end":{"line":15,"column":9}},"3":{"start":{"line":11,"column":23},"end":{"line":11,"column":52}},"4":{"start":{"line":12,"column":20},"end":{"line":12,"column":42}},"5":{"start":{"line":13,"column":4},"end":{"line":13,"column":28}},"6":{"start":{"line":14,"column":4},"end":{"line":14,"column":64}},"7":{"start":{"line":17,"column":28},"end":{"line":20,"column":3}},"8":{"start":{"line":19,"column":4},"end":{"line":19,"column":100}},"9":{"start":{"line":22,"column":22},"end":{"line":28,"column":3}},"10":{"start":{"line":23,"column":22},"end":{"line":23,"column":33}},"11":{"start":{"line":24,"column":4},"end":{"line":24,"column":29}},"12":{"start":{"line":25,"column":21},"end":{"line":25,"column":31}},"13":{"start":{"line":26,"column":4},"end":{"line":26,"column":63}},"14":{"start":{"line":27,"column":4},"end":{"line":27,"column":65}},"15":{"start":{"line":30,"column":2},"end":{"line":74,"column":4}}},"fnMap":{"0":{"name":"(anonymous_0)","decl":{"start":{"line":6,"column":14},"end":{"line":6,"column":15}},"loc":{"start":{"line":6,"column":20},"end":{"line":75,"column":1}},"line":6},"1":{"name":"(anonymous_1)","decl":{"start":{"line":9,"column":12},"end":{"line":9,"column":13}},"loc":{"start":{"line":9,"column":18},"end":{"line":15,"column":3}},"line":9},"2":{"name":"(anonymous_2)","decl":{"start":{"line":17,"column":28},"end":{"line":17,"column":29}},"loc":{"start":{"line":17,"column":34},"end":{"line":20,"column":3}},"line":17},"3":{"name":"(anonymous_3)","decl":{"start":{"line":22,"column":22},"end":{"line":22,"column":23}},"loc":{"start":{"line":22,"column":28},"end":{"line":28,"column":3}},"line":22}},"branchMap":{"0":{"loc":{"start":{"line":19,"column":30},"end":{"line":19,"column":85}},"type":"binary-expr","locations":[{"start":{"line":19,"column":30},"end":{"line":19,"column":58}},{"start":{"line":19,"column":62},"end":{"line":19,"column":85}}],"line":19},"1":{"loc":{"start":{"line":26,"column":34},"end":{"line":26,"column":61}},"type":"cond-expr","locations":[{"start":{"line":26,"column":45},"end":{"line":26,"column":52}},{"start":{"line":26,"column":55},"end":{"line":26,"column":61}}],"line":26},"2":{"loc":{"start":{"line":38,"column":15},"end":{"line":38,"column":74}},"type":"cond-expr","locations":[{"start":{"line":38,"column":28},"end":{"line":38,"column":50}},{"start":{"line":38,"column":53},"end":{"line":38,"column":74}}],"line":38},"3":{"loc":{"start":{"line":40,"column":9},"end":{"line":44,"column":9}},"type":"cond-expr","locations":[{"start":{"line":41,"column":10},"end":{"line":41,"column":53}},{"start":{"line":43,"column":10},"end":{"line":43,"column":52}}],"line":40}},"s":{"0":1,"1":5,"2":5,"3":3,"4":3,"5":3,"6":3,"7":5,"8":1,"9":5,"10":1,"11":1,"12":1,"13":1,"14":1,"15":5},"f":{"0":5,"1":3,"2":1,"3":1},"b":{"0":[1,1],"1":[1,0],"2":[3,2],"3":[3,2]},"_coverageSchema":"1a1c01bbd47fc00a2c39e90264f33305004495a9","hash":"8547b12d381e1b2b922a011ed7df90a26544f351"}
,"C:\\Users\\Hp\\Desktop\\git-pr-dashboard\\git-pr-dashboard\\client\\src\\pages\\RepoFiles.jsx": {"path":"C:\\Users\\Hp\\Desktop\\git-pr-dashboard\\git-pr-dashboard\\client\\src\\pages\\RepoFiles.jsx","statementMap":{"0":{"start":{"line":8,"column":18},"end":{"line":231,"column":1}},"1":{"start":{"line":9,"column":26},"end":{"line":9,"column":37}},"2":{"start":{"line":10,"column":19},"end":{"line":10,"column":32}},"3":{"start":{"line":11,"column":28},"end":{"line":11,"column":40}},"4":{"start":{"line":12,"column":32},"end":{"line":12,"column":46}},"5":{"start":{"line":13,"column":28},"end":{"line":13,"column":42}},"6":{"start":{"line":14,"column":40},"end":{"line":14,"column":52}},"7":{"start":{"line":15,"column":38},"end":{"line":15,"column":52}},"8":{"start":{"line":17,"column":2},"end":{"line":24,"column":33}},"9":{"start":{"line":18,"column":4},"end":{"line":18,"column":17}},"10":{"start":{"line":20,"column":23},"end":{"line":20,"column":52}},"11":{"start":{"line":21,"column":20},"end":{"line":21,"column":42}},"12":{"start":{"line":22,"column":4},"end":{"line":22,"column":28}},"13":{"start":{"line":23,"column":4},"end":{"line":23,"column":64}},"14":{"start":{"line":26,"column":21},"end":{"line":39,"column":3}},"15":{"start":{"line":27,"column":4},"end":{"line":38,"column":5}},"16":{"start":{"line":28,"column":6},"end":{"line":28,"column":23}},"17":{"start":{"line":29,"column":18},"end":{"line":29,"column":134}},"18":{"start":{"line":31,"column":23},"end":{"line":31,"column":70}},"19":{"start":{"line":32,"column":6},"end":{"line":32,"column":79}},"20":{"start":{"line":34,"column":6},"end":{"line":34,"column":51}},"21":{"start":{"line":35,"column":6},"end":{"line":35,"column":50}},"22":{"start":{"line":37,"column":6},"end":{"line":37,"column":24}},"23":{"start":{"line":41,"column":22},"end":{"line":72,"column":3}},"24":{"start":{"line":42,"column":4},"end":{"line":44,"column":5}},"25":{"start":{"line":43,"column":6},"end":{"line":43,"column":58}},"26":{"start":{"line":46,"column":22},"end":{"line":46,"column":63}},"27":{"start":{"line":48,"column":4},"end":{"line":71,"column":5}},"28":{"start":{"line":53,"column":8},"end":{"line":53,"column":60}},"29":{"start":{"line":59,"column":8},"end":{"line":59,"column":60}},"30":{"start":{"line":63,"column":8},"end":{"line":63,"column":62}},"31":{"start":{"line":68,"column":8},"end":{"line":68,"column":63}},"32":{"start":{"line":70,"column":8},"end":{"line":70,"column":58}},"33":{"start":{"line":74,"column":25},"end":{"line":78,"column":3}},"34":{"start":{"line":75,"column":4},"end":{"line":75,"column":40}},"35":{"start":{"line":75,"column":21},"end":{"line":75,"column":40}},"36":{"start":{"line":76,"column":4},"end":{"line":76,"column":68}},"37":{"start":{"line":76,"column":28},"end":{"line":76,"column":68}},"38":{"start":{"line":77,"column":4},"end":{"line":77,"column":53}},"39":{"start":{"line":80,"column":26},"end":{"line":87,"column":3}},"40":{"start":{"line":81,"column":4},"end":{"line":86,"column":5}},"41":{"start":{"line":82,"column":6},"end":{"line":82,"column":32}},"42":{"start":{"line":85,"column":6},"end":{"line":85,"column":43}},"43":{"start":{"line":89,"column":26},"end":{"line":96,"column":3}},"44":{"start":{"line":90,"column":4},"end":{"line":95,"column":5}},"45":{"start":{"line":91,"column":25},"end":{"line":91,"column":70}},"46":{"start":{"line":92,"column":6},"end":{"line":92,"column":33}},"47":{"start":{"line":94,"column":6},"end":{"line":94,"column":41}},"48":{"start":{"line":98,"column":22},"end":{"line":104,"column":3}},"49":{"start":{"line":99,"column":22},"end":{"line":99,"column":33}},"50":{"start":{"line":100,"column":4},"end":{"line":100,"column":29}},"51":{"start":{"line":101,"column":21},"end":{"line":101,"column":31}},"52":{"start":{"line":102,"column":4},"end":{"line":102,"column":63}},"53":{"start":{"line":103,"column":4},"end":{"line":103,"column":65}},"54":{"start":{"line":106,"column":2},"end":{"line":115,"column":3}},"55":{"start":{"line":107,"column":4},"end":{"line":114,"column":6}},"56":{"start":{"line":117,"column":2},"end":{"line":130,"column":3}},"57":{"start":{"line":118,"column":4},"end":{"line":129,"column":6}},"58":{"start":{"line":132,"column":2},"end":{"line":230,"column":4}},"59":{"start":{"line":199,"column":14},"end":{"line":224,"column":21}},"60":{"start":{"line":202,"column":31},"end":{"line":202,"column":52}}},"fnMap":{"0":{"name":"(anonymous_0)","decl":{"start":{"line":8,"column":18},"end":{"line":8,"column":19}},"loc":{"start":{"line":8,"column":24},"end":{"line":231,"column":1}},"line":8},"1":{"name":"(anonymous_1)","decl":{"start":{"line":17,"column":12},"end":{"line":17,"column":13}},"loc":{"start":{"line":17,"column":18},"end":{"line":24,"column":3}},"line":17},"2":{"name":"(anonymous_2)","decl":{"start":{"line":26,"column":21},"end":{"line":26,"column":22}},"loc":{"start":{"line":26,"column":33},"end":{"line":39,"column":3}},"line":26},"3":{"name":"(anonymous_3)","decl":{"start":{"line":41,"column":22},"end":{"line":41,"column":23}},"loc":{"start":{"line":41,"column":32},"end":{"line":72,"column":3}},"line":41},"4":{"name":"(anonymous_4)","decl":{"start":{"line":74,"column":25},"end":{"line":74,"column":26}},"loc":{"start":{"line":74,"column":35},"end":{"line":78,"column":3}},"line":74},"5":{"name":"(anonymous_5)","decl":{"start":{"line":80,"column":26},"end":{"line":80,"column":27}},"loc":{"start":{"line":80,"column":36},"end":{"line":87,"column":3}},"line":80},"6":{"name":"(anonymous_6)","decl":{"start":{"line":89,"column":26},"end":{"line":89,"column":27}},"loc":{"start":{"line":89,"column":32},"end":{"line":96,"column":3}},"line":89},"7":{"name":"(anonymous_7)","decl":{"start":{"line":98,"column":22},"end":{"line":98,"column":23}},"loc":{"start":{"line":98,"column":28},"end":{"line":104,"column":3}},"line":98},"8":{"name":"(anonymous_8)","decl":{"start":{"line":198,"column":23},"end":{"line":198,"column":24}},"loc":{"start":{"line":199,"column":14},"end":{"line":224,"column":21}},"line":199},"9":{"name":"(anonymous_9)","decl":{"start":{"line":202,"column":25},"end":{"line":202,"column":26}},"loc":{"start":{"line":202,"column":31},"end":{"line":202,"column":52}},"line":202}},"branchMap":{"0":{"loc":{"start":{"line":29,"column":21},"end":{"line":29,"column":76}},"type":"binary-expr","locations":[{"start":{"line":29,"column":21},"end":{"line":29,"column":49}},{"start":{"line":29,"column":53},"end":{"line":29,"column":76}}],"line":29},"1":{"loc":{"start":{"line":32,"column":15},"end":{"line":32,"column":77}},"type":"cond-expr","locations":[{"start":{"line":32,"column":46},"end":{"line":32,"column":59}},{"start":{"line":32,"column":62},"end":{"line":32,"column":77}}],"line":32},"2":{"loc":{"start":{"line":42,"column":4},"end":{"line":44,"column":5}},"type":"if","locations":[{"start":{"line":42,"column":4},"end":{"line":44,"column":5}},{"start":{},"end":{}}],"line":42},"3":{"loc":{"start":{"line":48,"column":4},"end":{"line":71,"column":5}},"type":"switch","locations":[{"start":{"line":49,"column":6},"end":{"line":49,"column":16}},{"start":{"line":50,"column":6},"end":{"line":50,"column":17}},{"start":{"line":51,"column":6},"end":{"line":51,"column":16}},{"start":{"line":52,"column":6},"end":{"line":53,"column":60}},{"start":{"line":54,"column":6},"end":{"line":54,"column":17}},{"start":{"line":55,"column":6},"end":{"line":55,"column":17}},{"start":{"line":56,"column":6},"end":{"line":56,"column":18}},{"start":{"line":57,"column":6},"end":{"line":57,"column":17}},{"start":{"line":58,"column":6},"end":{"line":59,"column":60}},{"start":{"line":60,"column":6},"end":{"line":60,"column":16}},{"start":{"line":61,"column":6},"end":{"line":61,"column":17}},{"start":{"line":62,"column":6},"end":{"line":63,"column":62}},{"start":{"line":64,"column":6},"end":{"line":64,"column":17}},{"start":{"line":65,"column":6},"end":{"line":65,"column":17}},{"start":{"line":66,"column":6},"end":{"line":66,"column":17}},{"start":{"line":67,"column":6},"end":{"line":68,"column":63}},{"start":{"line":69,"column":6},"end":{"line":70,"column":58}}],"line":48},"4":{"loc":{"start":{"line":75,"column":4},"end":{"line":75,"column":40}},"type":"if","locations":[{"start":{"line":75,"column":4},"end":{"line":75,"column":40}},{"start":{},"end":{}}],"line":75},"5":{"loc":{"start":{"line":76,"column":4},"end":{"line":76,"column":68}},"type":"if","locations":[{"start":{"line":76,"column":4},"end":{"line":76,"column":68}},{"start":{},"end":{}}],"line":76},"6":{"loc":{"start":{"line":81,"column":4},"end":{"line":86,"column":5}},"type":"if","locations":[{"start":{"line":81,"column":4},"end":{"line":86,"column":5}},{"start":{"line":83,"column":11},"end":{"line":86,"column":5}}],"line":81},"7":{"loc":{"start":{"line":90,"column":4},"end":{"line":95,"column":5}},"type":"if","locations":[{"start":{"line":90,"column":4},"end":{"line":95,"column":5}},{"start":{"line":93,"column":11},"end":{"line":95,"column":5}}],"line":90},"8":{"loc":{"start":{"line":102,"column":34},"end":{"line":102,"column":61}},"type":"cond-expr","locations":[{"start":{"line":102,"column":45},"end":{"line":102,"column":52}},{"start":{"line":102,"column":55},"end":{"line":102,"column":61}}],"line":102},"9":{"loc":{"start":{"line":106,"column":2},"end":{"line":115,"column":3}},"type":"if","locations":[{"start":{"line":106,"column":2},"end":{"line":115,"column":3}},{"start":{},"end":{}}],"line":106},"10":{"loc":{"start":{"line":117,"column":2},"end":{"line":130,"column":3}},"type":"if","locations":[{"start":{"line":117,"column":2},"end":{"line":130,"column":3}},{"start":{},"end":{}}],"line":117},"11":{"loc":{"start":{"line":152,"column":15},"end":{"line":156,"column":15}},"type":"binary-expr","locations":[{"start":{"line":152,"column":15},"end":{"line":152,"column":26}},{"start":{"line":153,"column":16},"end":{"line":155,"column":23}}],"line":152},"12":{"loc":{"start":{"line":165,"column":21},"end":{"line":165,"column":80}},"type":"cond-expr","locations":[{"start":{"line":165,"column":34},"end":{"line":165,"column":56}},{"start":{"line":165,"column":59},"end":{"line":165,"column":80}}],"line":165},"13":{"loc":{"start":{"line":167,"column":15},"end":{"line":171,"column":15}},"type":"cond-expr","locations":[{"start":{"line":168,"column":16},"end":{"line":168,"column":59}},{"start":{"line":170,"column":16},"end":{"line":170,"column":58}}],"line":167},"14":{"loc":{"start":{"line":186,"column":9},"end":{"line":227,"column":9}},"type":"cond-expr","locations":[{"start":{"line":187,"column":10},"end":{"line":195,"column":17}},{"start":{"line":197,"column":10},"end":{"line":226,"column":16}}],"line":186},"15":{"loc":{"start":{"line":212,"column":25},"end":{"line":216,"column":25}},"type":"binary-expr","locations":[{"start":{"line":212,"column":25},"end":{"line":212,"column":45}},{"start":{"line":213,"column":26},"end":{"line":215,"column":30}}],"line":212},"16":{"loc":{"start":{"line":220,"column":23},"end":{"line":220,"column":65}},"type":"cond-expr","locations":[{"start":{"line":220,"column":45},"end":{"line":220,"column":56}},{"start":{"line":220,"column":59},"end":{"line":220,"column":65}}],"line":220}},"s":{"0":1,"1":13,"2":13,"3":13,"4":13,"5":13,"6":13,"7":13,"8":13,"9":6,"10":6,"11":6,"12":6,"13":6,"14":13,"15":7,"16":7,"17":7,"18":7,"19":6,"20":3,"21":3,"22":7,"23":13,"24":1,"25":0,"26":1,"27":1,"28":1,"29":0,"30":0,"31":0,"32":0,"33":13,"34":1,"35":1,"36":0,"37":0,"38":0,"39":13,"40":0,"41":0,"42":0,"43":13,"44":1,"45":0,"46":0,"47":1,"48":13,"49":1,"50":1,"51":1,"52":1,"53":1,"54":13,"55":7,"56":6,"57":1,"58":5,"59":1,"60":0},"f":{"0":13,"1":6,"2":7,"3":1,"4":1,"5":0,"6":1,"7":1,"8":1,"9":0},"b":{"0":[7,7],"1":[4,0],"2":[0,1],"3":[1,1,1,1,0,0,0,0,0,0,0,0,0,0,0,0,0],"4":[1,0],"5":[0,0],"6":[0,0],"7":[0,1],"8":[1,0],"9":[7,6],"10":[1,5],"11":[5,0],"12":[4,1],"13":[4,1],"14":[4,1],"15":[1,1],"16":[0,1]},"_coverageSchema":"1a1c01bbd47fc00a2c39e90264f33305004495a9","hash":"7de2408cfaec728b8c2251be57742ab1f1394c25"}
,"C:\\Users\\Hp\\Desktop\\git-pr-dashboard\\git-pr-dashboard\\client\\src\\pages\\RepoPRs.jsx": {"path":"C:\\Users\\Hp\\Desktop\\git-pr-dashboard\\git-pr-dashboard\\client\\src\\pages\\RepoPRs.jsx","statementMap":{"0":{"start":{"line":9,"column":16},"end":{"line":447,"column":1}},"1":{"start":{"line":10,"column":26},"end":{"line":10,"column":37}},"2":{"start":{"line":11,"column":19},"end":{"line":11,"column":32}},"3":{"start":{"line":12,"column":42},"end":{"line":12,"column":54}},"4":{"start":{"line":13,"column":32},"end":{"line":13,"column":46}},"5":{"start":{"line":14,"column":28},"end":{"line":14,"column":42}},"6":{"start":{"line":15,"column":38},"end":{"line":15,"column":52}},"7":{"start":{"line":16,"column":32},"end":{"line":16,"column":44}},"8":{"start":{"line":17,"column":52},"end":{"line":17,"column":67}},"9":{"start":{"line":18,"column":30},"end":{"line":18,"column":45}},"10":{"start":{"line":19,"column":38},"end":{"line":19,"column":52}},"11":{"start":{"line":20,"column":42},"end":{"line":20,"column":57}},"12":{"start":{"line":21,"column":28},"end":{"line":21,"column":85}},"13":{"start":{"line":22,"column":38},"end":{"line":22,"column":53}},"14":{"start":{"line":23,"column":34},"end":{"line":23,"column":84}},"15":{"start":{"line":25,"column":2},"end":{"line":42,"column":28}},"16":{"start":{"line":26,"column":4},"end":{"line":26,"column":24}},"17":{"start":{"line":28,"column":23},"end":{"line":28,"column":52}},"18":{"start":{"line":29,"column":20},"end":{"line":29,"column":42}},"19":{"start":{"line":30,"column":4},"end":{"line":30,"column":28}},"20":{"start":{"line":31,"column":4},"end":{"line":31,"column":64}},"21":{"start":{"line":33,"column":4},"end":{"line":41,"column":9}},"22":{"start":{"line":34,"column":6},"end":{"line":40,"column":7}},"23":{"start":{"line":35,"column":21},"end":{"line":35,"column":161}},"24":{"start":{"line":36,"column":8},"end":{"line":36,"column":31}},"25":{"start":{"line":37,"column":8},"end":{"line":37,"column":74}},"26":{"start":{"line":37,"column":28},"end":{"line":37,"column":71}},"27":{"start":{"line":39,"column":8},"end":{"line":39,"column":52}},"28":{"start":{"line":44,"column":28},"end":{"line":57,"column":3}},"29":{"start":{"line":45,"column":4},"end":{"line":56,"column":5}},"30":{"start":{"line":46,"column":6},"end":{"line":46,"column":23}},"31":{"start":{"line":47,"column":18},"end":{"line":47,"column":127}},"32":{"start":{"line":49,"column":23},"end":{"line":49,"column":70}},"33":{"start":{"line":50,"column":6},"end":{"line":50,"column":37}},"34":{"start":{"line":52,"column":6},"end":{"line":52,"column":48}},"35":{"start":{"line":53,"column":6},"end":{"line":53,"column":58}},"36":{"start":{"line":55,"column":6},"end":{"line":55,"column":24}},"37":{"start":{"line":59,"column":30},"end":{"line":78,"column":3}},"38":{"start":{"line":60,"column":4},"end":{"line":60,"column":32}},"39":{"start":{"line":60,"column":25},"end":{"line":60,"column":32}},"40":{"start":{"line":62,"column":4},"end":{"line":77,"column":5}},"41":{"start":{"line":63,"column":6},"end":{"line":63,"column":33}},"42":{"start":{"line":64,"column":6},"end":{"line":68,"column":8}},"43":{"start":{"line":69,"column":6},"end":{"line":69,"column":21}},"44":{"start":{"line":70,"column":6},"end":{"line":70,"column":26}},"45":{"start":{"line":73,"column":6},"end":{"line":73,"column":54}},"46":{"start":{"line":74,"column":6},"end":{"line":74,"column":40}},"47":{"start":{"line":76,"column":6},"end":{"line":76,"column":34}},"48":{"start":{"line":80,"column":21},"end":{"line":88,"column":3}},"49":{"start":{"line":81,"column":4},"end":{"line":87,"column":7}},"50":{"start":{"line":90,"column":22},"end":{"line":98,"column":3}},"51":{"start":{"line":91,"column":4},"end":{"line":97,"column":5}},"52":{"start":{"line":92,"column":6},"end":{"line":92,"column":99}},"53":{"start":{"line":93,"column":11},"end":{"line":97,"column":5}},"54":{"start":{"line":94,"column":6},"end":{"line":94,"column":102}},"55":{"start":{"line":96,"column":6},"end":{"line":96,"column":95}},"56":{"start":{"line":100,"column":21},"end":{"line":102,"column":3}},"57":{"start":{"line":101,"column":4},"end":{"line":101,"column":31}},"58":{"start":{"line":104,"column":22},"end":{"line":110,"column":3}},"59":{"start":{"line":105,"column":22},"end":{"line":105,"column":33}},"60":{"start":{"line":106,"column":4},"end":{"line":106,"column":29}},"61":{"start":{"line":107,"column":21},"end":{"line":107,"column":31}},"62":{"start":{"line":108,"column":4},"end":{"line":108,"column":63}},"63":{"start":{"line":109,"column":4},"end":{"line":109,"column":65}},"64":{"start":{"line":112,"column":2},"end":{"line":121,"column":3}},"65":{"start":{"line":113,"column":4},"end":{"line":120,"column":6}},"66":{"start":{"line":123,"column":2},"end":{"line":136,"column":3}},"67":{"start":{"line":124,"column":4},"end":{"line":135,"column":6}},"68":{"start":{"line":138,"column":2},"end":{"line":446,"column":4}},"69":{"start":{"line":148,"column":31},"end":{"line":148,"column":53}},"70":{"start":{"line":179,"column":27},"end":{"line":179,"column":48}},"71":{"start":{"line":205,"column":37},"end":{"line":205,"column":82}},"72":{"start":{"line":215,"column":39},"end":{"line":215,"column":83}},"73":{"start":{"line":218,"column":24},"end":{"line":218,"column":112}},"74":{"start":{"line":227,"column":39},"end":{"line":227,"column":83}},"75":{"start":{"line":231,"column":24},"end":{"line":231,"column":77}},"76":{"start":{"line":241,"column":37},"end":{"line":241,"column":81}},"77":{"start":{"line":246,"column":59},"end":{"line":246,"column":81}},"78":{"start":{"line":248,"column":20},"end":{"line":248,"column":75}},"79":{"start":{"line":248,"column":68},"end":{"line":248,"column":75}},"80":{"start":{"line":249,"column":20},"end":{"line":260,"column":21}},"81":{"start":{"line":250,"column":22},"end":{"line":250,"column":42}},"82":{"start":{"line":251,"column":22},"end":{"line":251,"column":168}},"83":{"start":{"line":252,"column":22},"end":{"line":252,"column":45}},"84":{"start":{"line":253,"column":22},"end":{"line":253,"column":80}},"85":{"start":{"line":254,"column":22},"end":{"line":254,"column":42}},"86":{"start":{"line":256,"column":22},"end":{"line":256,"column":63}},"87":{"start":{"line":257,"column":22},"end":{"line":257,"column":61}},"88":{"start":{"line":259,"column":22},"end":{"line":259,"column":43}},"89":{"start":{"line":280,"column":29},"end":{"line":280,"column":45}},"90":{"start":{"line":287,"column":29},"end":{"line":287,"column":46}},"91":{"start":{"line":294,"column":29},"end":{"line":294,"column":48}},"92":{"start":{"line":319,"column":31},"end":{"line":319,"column":46}},"93":{"start":{"line":320,"column":33},"end":{"line":320,"column":46}},"94":{"start":{"line":321,"column":36},"end":{"line":321,"column":50}},"95":{"start":{"line":323,"column":14},"end":{"line":386,"column":16}},"96":{"start":{"line":329,"column":33},"end":{"line":329,"column":67}},"97":{"start":{"line":401,"column":37},"end":{"line":401,"column":60}},"98":{"start":{"line":402,"column":39},"end":{"line":402,"column":52}},"99":{"start":{"line":403,"column":20},"end":{"line":408,"column":22}},"100":{"start":{"line":419,"column":35},"end":{"line":419,"column":61}},"101":{"start":{"line":426,"column":22},"end":{"line":426,"column":42}},"102":{"start":{"line":427,"column":22},"end":{"line":427,"column":37}},"103":{"start":{"line":433,"column":35},"end":{"line":433,"column":73}}},"fnMap":{"0":{"name":"(anonymous_0)","decl":{"start":{"line":9,"column":16},"end":{"line":9,"column":17}},"loc":{"start":{"line":9,"column":22},"end":{"line":447,"column":1}},"line":9},"1":{"name":"(anonymous_1)","decl":{"start":{"line":25,"column":12},"end":{"line":25,"column":13}},"loc":{"start":{"line":25,"column":18},"end":{"line":42,"column":3}},"line":25},"2":{"name":"(anonymous_2)","decl":{"start":{"line":33,"column":5},"end":{"line":33,"column":6}},"loc":{"start":{"line":33,"column":17},"end":{"line":41,"column":5}},"line":33},"3":{"name":"(anonymous_3)","decl":{"start":{"line":37,"column":17},"end":{"line":37,"column":18}},"loc":{"start":{"line":37,"column":28},"end":{"line":37,"column":71}},"line":37},"4":{"name":"(anonymous_4)","decl":{"start":{"line":44,"column":28},"end":{"line":44,"column":29}},"loc":{"start":{"line":44,"column":40},"end":{"line":57,"column":3}},"line":44},"5":{"name":"(anonymous_5)","decl":{"start":{"line":59,"column":30},"end":{"line":59,"column":31}},"loc":{"start":{"line":59,"column":50},"end":{"line":78,"column":3}},"line":59},"6":{"name":"(anonymous_6)","decl":{"start":{"line":80,"column":21},"end":{"line":80,"column":22}},"loc":{"start":{"line":80,"column":37},"end":{"line":88,"column":3}},"line":80},"7":{"name":"(anonymous_7)","decl":{"start":{"line":90,"column":22},"end":{"line":90,"column":23}},"loc":{"start":{"line":90,"column":30},"end":{"line":98,"column":3}},"line":90},"8":{"name":"(anonymous_8)","decl":{"start":{"line":100,"column":21},"end":{"line":100,"column":22}},"loc":{"start":{"line":100,"column":29},"end":{"line":102,"column":3}},"line":100},"9":{"name":"(anonymous_9)","decl":{"start":{"line":104,"column":22},"end":{"line":104,"column":23}},"loc":{"start":{"line":104,"column":28},"end":{"line":110,"column":3}},"line":104},"10":{"name":"(anonymous_10)","decl":{"start":{"line":148,"column":25},"end":{"line":148,"column":26}},"loc":{"start":{"line":148,"column":31},"end":{"line":148,"column":53}},"line":148},"11":{"name":"(anonymous_11)","decl":{"start":{"line":179,"column":21},"end":{"line":179,"column":22}},"loc":{"start":{"line":179,"column":27},"end":{"line":179,"column":48}},"line":179},"12":{"name":"(anonymous_12)","decl":{"start":{"line":205,"column":30},"end":{"line":205,"column":31}},"loc":{"start":{"line":205,"column":37},"end":{"line":205,"column":82}},"line":205},"13":{"name":"(anonymous_13)","decl":{"start":{"line":215,"column":32},"end":{"line":215,"column":33}},"loc":{"start":{"line":215,"column":39},"end":{"line":215,"column":83}},"line":215},"14":{"name":"(anonymous_14)","decl":{"start":{"line":217,"column":53},"end":{"line":217,"column":54}},"loc":{"start":{"line":218,"column":24},"end":{"line":218,"column":112}},"line":218},"15":{"name":"(anonymous_15)","decl":{"start":{"line":227,"column":32},"end":{"line":227,"column":33}},"loc":{"start":{"line":227,"column":39},"end":{"line":227,"column":83}},"line":227},"16":{"name":"(anonymous_16)","decl":{"start":{"line":230,"column":53},"end":{"line":230,"column":54}},"loc":{"start":{"line":231,"column":24},"end":{"line":231,"column":77}},"line":231},"17":{"name":"(anonymous_17)","decl":{"start":{"line":241,"column":30},"end":{"line":241,"column":31}},"loc":{"start":{"line":241,"column":37},"end":{"line":241,"column":81}},"line":241},"18":{"name":"(anonymous_18)","decl":{"start":{"line":246,"column":53},"end":{"line":246,"column":54}},"loc":{"start":{"line":246,"column":59},"end":{"line":246,"column":81}},"line":246},"19":{"name":"(anonymous_19)","decl":{"start":{"line":247,"column":61},"end":{"line":247,"column":62}},"loc":{"start":{"line":247,"column":73},"end":{"line":261,"column":19}},"line":247},"20":{"name":"(anonymous_20)","decl":{"start":{"line":280,"column":23},"end":{"line":280,"column":24}},"loc":{"start":{"line":280,"column":29},"end":{"line":280,"column":45}},"line":280},"21":{"name":"(anonymous_21)","decl":{"start":{"line":287,"column":23},"end":{"line":287,"column":24}},"loc":{"start":{"line":287,"column":29},"end":{"line":287,"column":46}},"line":287},"22":{"name":"(anonymous_22)","decl":{"start":{"line":294,"column":23},"end":{"line":294,"column":24}},"loc":{"start":{"line":294,"column":29},"end":{"line":294,"column":48}},"line":294},"23":{"name":"(anonymous_23)","decl":{"start":{"line":318,"column":30},"end":{"line":318,"column":31}},"loc":{"start":{"line":318,"column":38},"end":{"line":387,"column":13}},"line":318},"24":{"name":"(anonymous_24)","decl":{"start":{"line":329,"column":27},"end":{"line":329,"column":28}},"loc":{"start":{"line":329,"column":33},"end":{"line":329,"column":67}},"line":329},"25":{"name":"(anonymous_25)","decl":{"start":{"line":400,"column":20},"end":{"line":400,"column":21}},"loc":{"start":{"line":400,"column":26},"end":{"line":409,"column":19}},"line":400},"26":{"name":"(anonymous_26)","decl":{"start":{"line":419,"column":28},"end":{"line":419,"column":29}},"loc":{"start":{"line":419,"column":35},"end":{"line":419,"column":61}},"line":419},"27":{"name":"(anonymous_27)","decl":{"start":{"line":425,"column":29},"end":{"line":425,"column":30}},"loc":{"start":{"line":425,"column":35},"end":{"line":428,"column":21}},"line":425},"28":{"name":"(anonymous_28)","decl":{"start":{"line":433,"column":29},"end":{"line":433,"column":30}},"loc":{"start":{"line":433,"column":35},"end":{"line":433,"column":73}},"line":433}},"branchMap":{"0":{"loc":{"start":{"line":35,"column":40},"end":{"line":35,"column":95}},"type":"binary-expr","locations":[{"start":{"line":35,"column":40},"end":{"line":35,"column":68}},{"start":{"line":35,"column":72},"end":{"line":35,"column":95}}],"line":35},"1":{"loc":{"start":{"line":47,"column":21},"end":{"line":47,"column":76}},"type":"binary-expr","locations":[{"start":{"line":47,"column":21},"end":{"line":47,"column":49}},{"start":{"line":47,"column":53},"end":{"line":47,"column":76}}],"line":47},"2":{"loc":{"start":{"line":60,"column":4},"end":{"line":60,"column":32}},"type":"if","locations":[{"start":{"line":60,"column":4},"end":{"line":60,"column":32}},{"start":{},"end":{}}],"line":60},"3":{"loc":{"start":{"line":65,"column":11},"end":{"line":65,"column":66}},"type":"binary-expr","locations":[{"start":{"line":65,"column":11},"end":{"line":65,"column":39}},{"start":{"line":65,"column":43},"end":{"line":65,"column":66}}],"line":65},"4":{"loc":{"start":{"line":91,"column":4},"end":{"line":97,"column":5}},"type":"if","locations":[{"start":{"line":91,"column":4},"end":{"line":97,"column":5}},{"start":{"line":93,"column":11},"end":{"line":97,"column":5}}],"line":91},"5":{"loc":{"start":{"line":93,"column":11},"end":{"line":97,"column":5}},"type":"if","locations":[{"start":{"line":93,"column":11},"end":{"line":97,"column":5}},{"start":{"line":95,"column":11},"end":{"line":97,"column":5}}],"line":93},"6":{"loc":{"start":{"line":108,"column":34},"end":{"line":108,"column":61}},"type":"cond-expr","locations":[{"start":{"line":108,"column":45},"end":{"line":108,"column":52}},{"start":{"line":108,"column":55},"end":{"line":108,"column":61}}],"line":108},"7":{"loc":{"start":{"line":112,"column":2},"end":{"line":121,"column":3}},"type":"if","locations":[{"start":{"line":112,"column":2},"end":{"line":121,"column":3}},{"start":{},"end":{}}],"line":112},"8":{"loc":{"start":{"line":123,"column":2},"end":{"line":136,"column":3}},"type":"if","locations":[{"start":{"line":123,"column":2},"end":{"line":136,"column":3}},{"start":{},"end":{}}],"line":123},"9":{"loc":{"start":{"line":166,"column":21},"end":{"line":166,"column":80}},"type":"cond-expr","locations":[{"start":{"line":166,"column":34},"end":{"line":166,"column":56}},{"start":{"line":166,"column":59},"end":{"line":166,"column":80}}],"line":166},"10":{"loc":{"start":{"line":168,"column":15},"end":{"line":172,"column":15}},"type":"cond-expr","locations":[{"start":{"line":169,"column":16},"end":{"line":169,"column":59}},{"start":{"line":171,"column":16},"end":{"line":171,"column":58}}],"line":168},"11":{"loc":{"start":{"line":192,"column":9},"end":{"line":268,"column":9}},"type":"binary-expr","locations":[{"start":{"line":192,"column":9},"end":{"line":192,"column":21}},{"start":{"line":193,"column":10},"end":{"line":267,"column":16}}],"line":192},"12":{"loc":{"start":{"line":217,"column":24},"end":{"line":217,"column":47}},"type":"binary-expr","locations":[{"start":{"line":217,"column":24},"end":{"line":217,"column":41}},{"start":{"line":217,"column":45},"end":{"line":217,"column":47}}],"line":217},"13":{"loc":{"start":{"line":218,"column":69},"end":{"line":218,"column":102}},"type":"cond-expr","locations":[{"start":{"line":218,"column":83},"end":{"line":218,"column":97}},{"start":{"line":218,"column":100},"end":{"line":218,"column":102}}],"line":218},"14":{"loc":{"start":{"line":230,"column":24},"end":{"line":230,"column":47}},"type":"binary-expr","locations":[{"start":{"line":230,"column":24},"end":{"line":230,"column":41}},{"start":{"line":230,"column":45},"end":{"line":230,"column":47}}],"line":230},"15":{"loc":{"start":{"line":248,"column":20},"end":{"line":248,"column":75}},"type":"if","locations":[{"start":{"line":248,"column":20},"end":{"line":248,"column":75}},{"start":{},"end":{}}],"line":248},"16":{"loc":{"start":{"line":248,"column":24},"end":{"line":248,"column":66}},"type":"binary-expr","locations":[{"start":{"line":248,"column":24},"end":{"line":248,"column":36}},{"start":{"line":248,"column":40},"end":{"line":248,"column":51}},{"start":{"line":248,"column":55},"end":{"line":248,"column":66}}],"line":248},"17":{"loc":{"start":{"line":251,"column":42},"end":{"line":251,"column":97}},"type":"binary-expr","locations":[{"start":{"line":251,"column":42},"end":{"line":251,"column":70}},{"start":{"line":251,"column":74},"end":{"line":251,"column":97}}],"line":251},"18":{"loc":{"start":{"line":262,"column":21},"end":{"line":262,"column":61}},"type":"cond-expr","locations":[{"start":{"line":262,"column":34},"end":{"line":262,"column":47}},{"start":{"line":262,"column":50},"end":{"line":262,"column":61}}],"line":262},"19":{"loc":{"start":{"line":278,"column":23},"end":{"line":278,"column":63}},"type":"cond-expr","locations":[{"start":{"line":278,"column":42},"end":{"line":278,"column":51}},{"start":{"line":278,"column":54},"end":{"line":278,"column":63}}],"line":278},"20":{"loc":{"start":{"line":285,"column":23},"end":{"line":285,"column":64}},"type":"cond-expr","locations":[{"start":{"line":285,"column":43},"end":{"line":285,"column":52}},{"start":{"line":285,"column":55},"end":{"line":285,"column":64}}],"line":285},"21":{"loc":{"start":{"line":292,"column":23},"end":{"line":292,"column":66}},"type":"cond-expr","locations":[{"start":{"line":292,"column":45},"end":{"line":292,"column":54}},{"start":{"line":292,"column":57},"end":{"line":292,"column":66}}],"line":292},"22":{"loc":{"start":{"line":301,"column":9},"end":{"line":389,"column":9}},"type":"cond-expr","locations":[{"start":{"line":302,"column":10},"end":{"line":315,"column":17}},{"start":{"line":317,"column":10},"end":{"line":388,"column":16}}],"line":301},"23":{"loc":{"start":{"line":306,"column":20},"end":{"line":306,"column":50}},"type":"cond-expr","locations":[{"start":{"line":306,"column":39},"end":{"line":306,"column":41}},{"start":{"line":306,"column":44},"end":{"line":306,"column":50}}],"line":306},"24":{"loc":{"start":{"line":309,"column":17},"end":{"line":311,"column":79}},"type":"cond-expr","locations":[{"start":{"line":310,"column":20},"end":{"line":310,"column":69}},{"start":{"line":311,"column":20},"end":{"line":311,"column":79}}],"line":309},"25":{"loc":{"start":{"line":327,"column":20},"end":{"line":327,"column":92}},"type":"cond-expr","locations":[{"start":{"line":327,"column":36},"end":{"line":327,"column":73}},{"start":{"line":327,"column":76},"end":{"line":327,"column":92}}],"line":327},"26":{"loc":{"start":{"line":329,"column":33},"end":{"line":329,"column":67}},"type":"binary-expr","locations":[{"start":{"line":329,"column":33},"end":{"line":329,"column":46}},{"start":{"line":329,"column":50},"end":{"line":329,"column":67}}],"line":329},"27":{"loc":{"start":{"line":356,"column":27},"end":{"line":361,"column":27}},"type":"binary-expr","locations":[{"start":{"line":356,"column":27},"end":{"line":356,"column":39}},{"start":{"line":357,"column":28},"end":{"line":360,"column":34}}],"line":356},"28":{"loc":{"start":{"line":371,"column":19},"end":{"line":377,"column":19}},"type":"binary-expr","locations":[{"start":{"line":371,"column":19},"end":{"line":371,"column":26}},{"start":{"line":372,"column":20},"end":{"line":376,"column":34}}],"line":371},"29":{"loc":{"start":{"line":378,"column":19},"end":{"line":384,"column":19}},"type":"binary-expr","locations":[{"start":{"line":378,"column":19},"end":{"line":378,"column":33}},{"start":{"line":379,"column":20},"end":{"line":383,"column":34}}],"line":378},"30":{"loc":{"start":{"line":392,"column":9},"end":{"line":443,"column":9}},"type":"binary-expr","locations":[{"start":{"line":392,"column":9},"end":{"line":392,"column":19}},{"start":{"line":393,"column":10},"end":{"line":442,"column":16}}],"line":392},"31":{"loc":{"start":{"line":434,"column":30},"end":{"line":434,"column":66}},"type":"binary-expr","locations":[{"start":{"line":434,"column":30},"end":{"line":434,"column":45}},{"start":{"line":434,"column":49},"end":{"line":434,"column":66}}],"line":434},"32":{"loc":{"start":{"line":437,"column":21},"end":{"line":437,"column":75}},"type":"cond-expr","locations":[{"start":{"line":437,"column":41},"end":{"line":437,"column":56}},{"start":{"line":437,"column":59},"end":{"line":437,"column":75}}],"line":437}},"s":{"0":1,"1":11,"2":11,"3":11,"4":11,"5":11,"6":11,"7":11,"8":11,"9":11,"10":11,"11":11,"12":11,"13":11,"14":11,"15":11,"16":4,"17":4,"18":4,"19":4,"20":4,"21":4,"22":4,"23":4,"24":4,"25":3,"26":3,"27":1,"28":11,"29":4,"30":4,"31":4,"32":4,"33":4,"34":1,"35":1,"36":4,"37":11,"38":1,"39":0,"40":1,"41":1,"42":1,"43":1,"44":1,"45":0,"46":0,"47":1,"48":11,"49":6,"50":11,"51":9,"52":9,"53":0,"54":0,"55":0,"56":11,"57":6,"58":11,"59":0,"60":0,"61":0,"62":0,"63":0,"64":11,"65":4,"66":7,"67":0,"68":7,"69":0,"70":0,"71":0,"72":0,"73":0,"74":0,"75":0,"76":0,"77":0,"78":0,"79":0,"80":0,"81":0,"82":0,"83":0,"84":0,"85":0,"86":0,"87":0,"88":0,"89":0,"90":0,"91":0,"92":6,"93":6,"94":6,"95":6,"96":1,"97":3,"98":3,"99":3,"100":1,"101":0,"102":0,"103":1},"f":{"0":11,"1":4,"2":4,"3":3,"4":4,"5":1,"6":6,"7":9,"8":6,"9":0,"10":0,"11":0,"12":0,"13":0,"14":0,"15":0,"16":0,"17":0,"18":0,"19":0,"20":0,"21":0,"22":0,"23":6,"24":1,"25":3,"26":1,"27":0,"28":1},"b":{"0":[4,4],"1":[4,4],"2":[0,1],"3":[1,1],"4":[9,0],"5":[0,0],"6":[0,0],"7":[4,7],"8":[0,7],"9":[7,0],"10":[7,0],"11":[7,0],"12":[0,0],"13":[0,0],"14":[0,0],"15":[0,0],"16":[0,0,0],"17":[0,0],"18":[0,0],"19":[7,0],"20":[0,7],"21":[0,7],"22":[1,6],"23":[1,0],"24":[1,0],"25":[6,0],"26":[1,1],"27":[6,0],"28":[6,0],"29":[6,0],"30":[7,3],"31":[3,2],"32":[1,2]},"_coverageSchema":"1a1c01bbd47fc00a2c39e90264f33305004495a9","hash":"c0c06cb68e86e7cd7bf47be08ed87ba7de5c9fea"}
}
