TN:
SF:src\App.jsx
FN:8,App
FNF:1
FNH:0
FNDA:0,App
DA:9,0
LF:1
LH:0
BRF:0
BRH:0
end_of_record
TN:
SF:src\components\ui\button.jsx
FN:34,(anonymous_0)
FNF:1
FNH:0
FNDA:0,(anonymous_0)
DA:5,0
DA:34,0
DA:35,0
DA:36,0
DA:44,0
LF:5
LH:0
BRDA:34,0,0,0
BRDA:35,1,0,0
BRDA:35,1,1,0
BRF:3
BRH:0
end_of_record
TN:
SF:src\components\ui\card.jsx
FN:4,(anonymous_0)
FN:16,(anonymous_1)
FN:25,(anonymous_2)
FN:37,(anonymous_3)
FN:46,(anonymous_4)
FN:51,(anonymous_5)
FNF:6
FNH:0
FNDA:0,(anonymous_0)
FNDA:0,(anonymous_1)
FNDA:0,(anonymous_2)
FNDA:0,(anonymous_3)
FNDA:0,(anonymous_4)
FNDA:0,(anonymous_5)
DA:4,0
DA:5,0
DA:14,0
DA:16,0
DA:17,0
DA:23,0
DA:25,0
DA:26,0
DA:35,0
DA:37,0
DA:38,0
DA:44,0
DA:46,0
DA:47,0
DA:49,0
DA:51,0
DA:52,0
DA:58,0
LF:18
LH:0
BRF:0
BRH:0
end_of_record
TN:
SF:src\components\ui\input.jsx
FN:4,(anonymous_0)
FNF:1
FNH:0
FNDA:0,(anonymous_0)
DA:4,0
DA:5,0
DA:17,0
LF:3
LH:0
BRF:0
BRH:0
end_of_record
TN:
SF:src\components\ui\textarea.jsx
FN:4,(anonymous_0)
FNF:1
FNH:0
FNDA:0,(anonymous_0)
DA:4,0
DA:5,0
DA:16,0
LF:3
LH:0
BRF:0
BRH:0
end_of_record
TN:
SF:src\lib\utils.js
FN:4,cn
FNF:1
FNH:0
FNDA:0,cn
DA:5,0
LF:1
LH:0
BRF:0
BRH:0
end_of_record
TN:
SF:src\pages\Dashboard.jsx
FN:8,(anonymous_0)
FN:18,(anonymous_1)
FN:28,(anonymous_2)
FN:29,(anonymous_3)
FN:36,(anonymous_4)
FN:41,(anonymous_5)
FN:67,(anonymous_6)
FN:79,(anonymous_7)
FN:83,(anonymous_8)
FN:87,(anonymous_9)
FN:153,(anonymous_10)
FN:278,(anonymous_11)
FN:330,(anonymous_12)
FN:338,(anonymous_13)
FNF:14
FNH:0
FNDA:0,(anonymous_0)
FNDA:0,(anonymous_1)
FNDA:0,(anonymous_2)
FNDA:0,(anonymous_3)
FNDA:0,(anonymous_4)
FNDA:0,(anonymous_5)
FNDA:0,(anonymous_6)
FNDA:0,(anonymous_7)
FNDA:0,(anonymous_8)
FNDA:0,(anonymous_9)
FNDA:0,(anonymous_10)
FNDA:0,(anonymous_11)
FNDA:0,(anonymous_12)
FNDA:0,(anonymous_13)
DA:8,0
DA:9,0
DA:10,0
DA:11,0
DA:12,0
DA:13,0
DA:14,0
DA:15,0
DA:16,0
DA:18,0
DA:19,0
DA:21,0
DA:22,0
DA:23,0
DA:24,0
DA:28,0
DA:29,0
DA:30,0
DA:31,0
DA:35,0
DA:36,0
DA:37,0
DA:41,0
DA:42,0
DA:43,0
DA:44,0
DA:56,0
DA:57,0
DA:58,0
DA:60,0
DA:61,0
DA:63,0
DA:67,0
DA:68,0
DA:69,0
DA:72,0
DA:74,0
DA:75,0
DA:79,0
DA:80,0
DA:83,0
DA:84,0
DA:87,0
DA:88,0
DA:89,0
DA:90,0
DA:91,0
DA:92,0
DA:95,0
DA:96,0
DA:106,0
DA:107,0
DA:121,0
DA:153,0
DA:279,0
DA:330,0
DA:338,0
LF:57
LH:0
BRDA:30,0,0,0
BRDA:30,0,1,0
BRDA:30,1,0,0
BRDA:30,1,1,0
BRDA:45,2,0,0
BRDA:45,2,1,0
BRDA:48,3,0,0
BRDA:48,3,1,0
BRDA:51,4,0,0
BRDA:51,4,1,0
BRDA:69,5,0,0
BRDA:69,5,1,0
BRDA:91,6,0,0
BRDA:91,6,1,0
BRDA:95,7,0,0
BRDA:95,7,1,0
BRDA:106,8,0,0
BRDA:106,8,1,0
BRDA:139,9,0,0
BRDA:139,9,1,0
BRDA:141,10,0,0
BRDA:141,10,1,0
BRDA:156,11,0,0
BRDA:156,11,1,0
BRDA:165,12,0,0
BRDA:165,12,1,0
BRDA:169,13,0,0
BRDA:169,13,1,0
BRDA:173,14,0,0
BRDA:173,14,1,0
BRDA:197,15,0,0
BRDA:197,15,1,0
BRDA:197,15,2,0
BRDA:205,16,0,0
BRDA:205,16,1,0
BRDA:266,17,0,0
BRDA:266,17,1,0
BRDA:294,18,0,0
BRDA:294,18,1,0
BRDA:303,19,0,0
BRDA:303,19,1,0
BRDA:312,20,0,0
BRDA:312,20,1,0
BRF:43
BRH:0
end_of_record
TN:
SF:src\pages\Login.jsx
FN:6,(anonymous_0)
FN:9,(anonymous_1)
FN:17,(anonymous_2)
FN:22,(anonymous_3)
FNF:4
FNH:0
FNDA:0,(anonymous_0)
FNDA:0,(anonymous_1)
FNDA:0,(anonymous_2)
FNDA:0,(anonymous_3)
DA:6,0
DA:7,0
DA:9,0
DA:11,0
DA:12,0
DA:13,0
DA:14,0
DA:17,0
DA:19,0
DA:22,0
DA:23,0
DA:24,0
DA:25,0
DA:26,0
DA:27,0
DA:30,0
LF:16
LH:0
BRDA:19,0,0,0
BRDA:19,0,1,0
BRDA:26,1,0,0
BRDA:26,1,1,0
BRDA:38,2,0,0
BRDA:38,2,1,0
BRDA:40,3,0,0
BRDA:40,3,1,0
BRF:8
BRH:0
end_of_record
TN:
SF:src\pages\RepoFiles.jsx
FN:8,(anonymous_0)
FN:17,(anonymous_1)
FN:26,(anonymous_2)
FN:41,(anonymous_3)
FN:74,(anonymous_4)
FN:80,(anonymous_5)
FN:89,(anonymous_6)
FN:98,(anonymous_7)
FN:198,(anonymous_8)
FN:202,(anonymous_9)
FNF:10
FNH:0
FNDA:0,(anonymous_0)
FNDA:0,(anonymous_1)
FNDA:0,(anonymous_2)
FNDA:0,(anonymous_3)
FNDA:0,(anonymous_4)
FNDA:0,(anonymous_5)
FNDA:0,(anonymous_6)
FNDA:0,(anonymous_7)
FNDA:0,(anonymous_8)
FNDA:0,(anonymous_9)
DA:8,0
DA:9,0
DA:10,0
DA:11,0
DA:12,0
DA:13,0
DA:14,0
DA:15,0
DA:17,0
DA:18,0
DA:20,0
DA:21,0
DA:22,0
DA:23,0
DA:26,0
DA:27,0
DA:28,0
DA:29,0
DA:31,0
DA:32,0
DA:34,0
DA:35,0
DA:37,0
DA:41,0
DA:42,0
DA:43,0
DA:46,0
DA:48,0
DA:53,0
DA:59,0
DA:63,0
DA:68,0
DA:70,0
DA:74,0
DA:75,0
DA:76,0
DA:77,0
DA:80,0
DA:81,0
DA:82,0
DA:85,0
DA:89,0
DA:90,0
DA:91,0
DA:92,0
DA:94,0
DA:98,0
DA:99,0
DA:100,0
DA:101,0
DA:102,0
DA:103,0
DA:106,0
DA:107,0
DA:117,0
DA:118,0
DA:132,0
DA:199,0
DA:202,0
LF:59
LH:0
BRDA:29,0,0,0
BRDA:29,0,1,0
BRDA:32,1,0,0
BRDA:32,1,1,0
BRDA:42,2,0,0
BRDA:42,2,1,0
BRDA:48,3,0,0
BRDA:48,3,1,0
BRDA:48,3,2,0
BRDA:48,3,3,0
BRDA:48,3,4,0
BRDA:48,3,5,0
BRDA:48,3,6,0
BRDA:48,3,7,0
BRDA:48,3,8,0
BRDA:48,3,9,0
BRDA:48,3,10,0
BRDA:48,3,11,0
BRDA:48,3,12,0
BRDA:48,3,13,0
BRDA:48,3,14,0
BRDA:48,3,15,0
BRDA:48,3,16,0
BRDA:75,4,0,0
BRDA:75,4,1,0
BRDA:76,5,0,0
BRDA:76,5,1,0
BRDA:81,6,0,0
BRDA:81,6,1,0
BRDA:90,7,0,0
BRDA:90,7,1,0
BRDA:102,8,0,0
BRDA:102,8,1,0
BRDA:106,9,0,0
BRDA:106,9,1,0
BRDA:117,10,0,0
BRDA:117,10,1,0
BRDA:152,11,0,0
BRDA:152,11,1,0
BRDA:165,12,0,0
BRDA:165,12,1,0
BRDA:167,13,0,0
BRDA:167,13,1,0
BRDA:186,14,0,0
BRDA:186,14,1,0
BRDA:212,15,0,0
BRDA:212,15,1,0
BRDA:220,16,0,0
BRDA:220,16,1,0
BRF:49
BRH:0
end_of_record
TN:
SF:src\pages\RepoPRs.jsx
FN:9,(anonymous_0)
FN:25,(anonymous_1)
FN:33,(anonymous_2)
FN:37,(anonymous_3)
FN:44,(anonymous_4)
FN:59,(anonymous_5)
FN:80,(anonymous_6)
FN:90,(anonymous_7)
FN:100,(anonymous_8)
FN:104,(anonymous_9)
FN:148,(anonymous_10)
FN:179,(anonymous_11)
FN:205,(anonymous_12)
FN:215,(anonymous_13)
FN:217,(anonymous_14)
FN:227,(anonymous_15)
FN:230,(anonymous_16)
FN:241,(anonymous_17)
FN:246,(anonymous_18)
FN:247,(anonymous_19)
FN:280,(anonymous_20)
FN:287,(anonymous_21)
FN:294,(anonymous_22)
FN:318,(anonymous_23)
FN:329,(anonymous_24)
FN:400,(anonymous_25)
FN:419,(anonymous_26)
FN:425,(anonymous_27)
FN:433,(anonymous_28)
FNF:29
FNH:0
FNDA:0,(anonymous_0)
FNDA:0,(anonymous_1)
FNDA:0,(anonymous_2)
FNDA:0,(anonymous_3)
FNDA:0,(anonymous_4)
FNDA:0,(anonymous_5)
FNDA:0,(anonymous_6)
FNDA:0,(anonymous_7)
FNDA:0,(anonymous_8)
FNDA:0,(anonymous_9)
FNDA:0,(anonymous_10)
FNDA:0,(anonymous_11)
FNDA:0,(anonymous_12)
FNDA:0,(anonymous_13)
FNDA:0,(anonymous_14)
FNDA:0,(anonymous_15)
FNDA:0,(anonymous_16)
FNDA:0,(anonymous_17)
FNDA:0,(anonymous_18)
FNDA:0,(anonymous_19)
FNDA:0,(anonymous_20)
FNDA:0,(anonymous_21)
FNDA:0,(anonymous_22)
FNDA:0,(anonymous_23)
FNDA:0,(anonymous_24)
FNDA:0,(anonymous_25)
FNDA:0,(anonymous_26)
FNDA:0,(anonymous_27)
FNDA:0,(anonymous_28)
DA:9,0
DA:10,0
DA:11,0
DA:12,0
DA:13,0
DA:14,0
DA:15,0
DA:16,0
DA:17,0
DA:18,0
DA:19,0
DA:20,0
DA:21,0
DA:22,0
DA:23,0
DA:25,0
DA:26,0
DA:28,0
DA:29,0
DA:30,0
DA:31,0
DA:33,0
DA:34,0
DA:35,0
DA:36,0
DA:37,0
DA:39,0
DA:44,0
DA:45,0
DA:46,0
DA:47,0
DA:49,0
DA:50,0
DA:52,0
DA:53,0
DA:55,0
DA:59,0
DA:60,0
DA:62,0
DA:63,0
DA:64,0
DA:69,0
DA:70,0
DA:73,0
DA:74,0
DA:76,0
DA:80,0
DA:81,0
DA:90,0
DA:91,0
DA:92,0
DA:93,0
DA:94,0
DA:96,0
DA:100,0
DA:101,0
DA:104,0
DA:105,0
DA:106,0
DA:107,0
DA:108,0
DA:109,0
DA:112,0
DA:113,0
DA:123,0
DA:124,0
DA:138,0
DA:148,0
DA:179,0
DA:205,0
DA:215,0
DA:218,0
DA:227,0
DA:231,0
DA:241,0
DA:246,0
DA:248,0
DA:249,0
DA:250,0
DA:251,0
DA:252,0
DA:253,0
DA:254,0
DA:256,0
DA:257,0
DA:259,0
DA:280,0
DA:287,0
DA:294,0
DA:319,0
DA:320,0
DA:321,0
DA:323,0
DA:329,0
DA:401,0
DA:402,0
DA:403,0
DA:419,0
DA:426,0
DA:427,0
DA:433,0
LF:101
LH:0
BRDA:35,0,0,0
BRDA:35,0,1,0
BRDA:47,1,0,0
BRDA:47,1,1,0
BRDA:60,2,0,0
BRDA:60,2,1,0
BRDA:65,3,0,0
BRDA:65,3,1,0
BRDA:91,4,0,0
BRDA:91,4,1,0
BRDA:93,5,0,0
BRDA:93,5,1,0
BRDA:108,6,0,0
BRDA:108,6,1,0
BRDA:112,7,0,0
BRDA:112,7,1,0
BRDA:123,8,0,0
BRDA:123,8,1,0
BRDA:166,9,0,0
BRDA:166,9,1,0
BRDA:168,10,0,0
BRDA:168,10,1,0
BRDA:192,11,0,0
BRDA:192,11,1,0
BRDA:217,12,0,0
BRDA:217,12,1,0
BRDA:218,13,0,0
BRDA:218,13,1,0
BRDA:230,14,0,0
BRDA:230,14,1,0
BRDA:248,15,0,0
BRDA:248,15,1,0
BRDA:248,16,0,0
BRDA:248,16,1,0
BRDA:248,16,2,0
BRDA:251,17,0,0
BRDA:251,17,1,0
BRDA:262,18,0,0
BRDA:262,18,1,0
BRDA:278,19,0,0
BRDA:278,19,1,0
BRDA:285,20,0,0
BRDA:285,20,1,0
BRDA:292,21,0,0
BRDA:292,21,1,0
BRDA:301,22,0,0
BRDA:301,22,1,0
BRDA:306,23,0,0
BRDA:306,23,1,0
BRDA:309,24,0,0
BRDA:309,24,1,0
BRDA:327,25,0,0
BRDA:327,25,1,0
BRDA:329,26,0,0
BRDA:329,26,1,0
BRDA:356,27,0,0
BRDA:356,27,1,0
BRDA:371,28,0,0
BRDA:371,28,1,0
BRDA:378,29,0,0
BRDA:378,29,1,0
BRDA:392,30,0,0
BRDA:392,30,1,0
BRDA:434,31,0,0
BRDA:434,31,1,0
BRDA:437,32,0,0
BRDA:437,32,1,0
BRF:67
BRH:0
end_of_record
