TN:
SF:src\App.jsx
FN:8,App
FNF:1
FNH:1
FNDA:5,App
DA:9,5
LF:1
LH:1
BRF:0
BRH:0
end_of_record
TN:
SF:src\components\ui\button.jsx
FN:34,(anonymous_0)
FNF:1
FNH:1
FNDA:154,(anonymous_0)
DA:5,4
DA:34,4
DA:35,154
DA:36,154
DA:44,4
LF:5
LH:5
BRDA:34,0,0,154
BRDA:35,1,0,0
BRDA:35,1,1,154
BRF:3
BRH:2
end_of_record
TN:
SF:src\components\ui\card.jsx
FN:4,(anonymous_0)
FN:16,(anonymous_1)
FN:25,(anonymous_2)
FN:37,(anonymous_3)
FN:46,(anonymous_4)
FN:51,(anonymous_5)
FNF:6
FNH:5
FNDA:74,(anonymous_0)
FNDA:19,(anonymous_1)
FNDA:19,(anonymous_2)
FNDA:13,(anonymous_3)
FNDA:68,(anonymous_4)
FNDA:0,(anonymous_5)
DA:4,4
DA:5,74
DA:14,4
DA:16,4
DA:17,19
DA:23,4
DA:25,4
DA:26,19
DA:35,4
DA:37,4
DA:38,13
DA:44,4
DA:46,4
DA:47,68
DA:49,4
DA:51,4
DA:52,0
DA:58,4
LF:18
LH:17
BRF:0
BRH:0
end_of_record
TN:
SF:src\components\ui\input.jsx
FN:4,(anonymous_0)
FNF:1
FNH:1
FNDA:5,(anonymous_0)
DA:4,1
DA:5,5
DA:18,1
LF:3
LH:3
BRF:0
BRH:0
end_of_record
TN:
SF:src\components\ui\textarea.jsx
FN:4,(anonymous_0)
FNF:1
FNH:1
FNDA:8,(anonymous_0)
DA:4,1
DA:5,8
DA:16,1
LF:3
LH:3
BRF:0
BRH:0
end_of_record
TN:
SF:src\lib\utils.js
FN:4,cn
FNF:1
FNH:1
FNDA:360,cn
DA:5,360
LF:1
LH:1
BRF:0
BRH:0
end_of_record
TN:
SF:src\pages\Dashboard.jsx
FN:8,(anonymous_0)
FN:18,(anonymous_1)
FN:28,(anonymous_2)
FN:29,(anonymous_3)
FN:36,(anonymous_4)
FN:41,(anonymous_5)
FN:61,(anonymous_6)
FN:73,(anonymous_7)
FN:77,(anonymous_8)
FN:81,(anonymous_9)
FN:147,(anonymous_10)
FN:272,(anonymous_11)
FN:324,(anonymous_12)
FN:332,(anonymous_13)
FNF:14
FNH:13
FNDA:14,(anonymous_0)
FNDA:6,(anonymous_1)
FNDA:7,(anonymous_2)
FNDA:0,(anonymous_3)
FNDA:7,(anonymous_4)
FNDA:7,(anonymous_5)
FNDA:1,(anonymous_6)
FNDA:1,(anonymous_7)
FNDA:1,(anonymous_8)
FNDA:1,(anonymous_9)
FNDA:1,(anonymous_10)
FNDA:1,(anonymous_11)
FNDA:1,(anonymous_12)
FNDA:1,(anonymous_13)
DA:8,1
DA:9,14
DA:10,14
DA:11,14
DA:12,14
DA:13,14
DA:14,14
DA:15,14
DA:16,14
DA:18,14
DA:19,6
DA:21,6
DA:22,6
DA:23,6
DA:24,6
DA:28,14
DA:29,7
DA:30,0
DA:31,0
DA:35,7
DA:36,7
DA:37,7
DA:41,14
DA:42,7
DA:43,7
DA:44,7
DA:50,5
DA:51,4
DA:52,4
DA:54,3
DA:55,3
DA:57,7
DA:61,14
DA:62,1
DA:63,1
DA:66,1
DA:68,0
DA:69,0
DA:73,14
DA:74,1
DA:77,14
DA:78,1
DA:81,14
DA:82,1
DA:83,1
DA:84,1
DA:85,1
DA:86,1
DA:89,14
DA:90,7
DA:100,7
DA:101,1
DA:115,6
DA:147,1
DA:273,1
DA:324,1
DA:332,1
LF:57
LH:53
BRDA:30,0,0,0
BRDA:30,0,1,0
BRDA:30,1,0,0
BRDA:30,1,1,0
BRDA:63,2,0,1
BRDA:63,2,1,1
BRDA:85,3,0,1
BRDA:85,3,1,0
BRDA:89,4,0,7
BRDA:89,4,1,7
BRDA:100,5,0,1
BRDA:100,5,1,6
BRDA:133,6,0,5
BRDA:133,6,1,1
BRDA:135,7,0,5
BRDA:135,7,1,1
BRDA:150,8,0,1
BRDA:150,8,1,5
BRDA:159,9,0,6
BRDA:159,9,1,0
BRDA:163,10,0,6
BRDA:163,10,1,1
BRDA:167,11,0,1
BRDA:167,11,1,0
BRDA:191,12,0,6
BRDA:191,12,1,3
BRDA:191,12,2,0
BRDA:199,13,0,6
BRDA:199,13,1,6
BRDA:260,14,0,5
BRDA:260,14,1,1
BRDA:288,15,0,1
BRDA:288,15,1,1
BRDA:297,16,0,1
BRDA:297,16,1,0
BRDA:306,17,0,1
BRDA:306,17,1,0
BRF:37
BRH:27
end_of_record
TN:
SF:src\pages\Login.jsx
FN:6,(anonymous_0)
FN:9,(anonymous_1)
FN:17,(anonymous_2)
FN:22,(anonymous_3)
FNF:4
FNH:4
FNDA:5,(anonymous_0)
FNDA:3,(anonymous_1)
FNDA:1,(anonymous_2)
FNDA:1,(anonymous_3)
DA:6,1
DA:7,5
DA:9,5
DA:11,3
DA:12,3
DA:13,3
DA:14,3
DA:17,5
DA:19,1
DA:22,5
DA:23,1
DA:24,1
DA:25,1
DA:26,1
DA:27,1
DA:30,5
LF:16
LH:16
BRDA:19,0,0,1
BRDA:19,0,1,1
BRDA:26,1,0,1
BRDA:26,1,1,0
BRDA:38,2,0,3
BRDA:38,2,1,2
BRDA:40,3,0,3
BRDA:40,3,1,2
BRF:8
BRH:7
end_of_record
TN:
SF:src\pages\RepoFiles.jsx
FN:8,(anonymous_0)
FN:17,(anonymous_1)
FN:26,(anonymous_2)
FN:41,(anonymous_3)
FN:74,(anonymous_4)
FN:80,(anonymous_5)
FN:89,(anonymous_6)
FN:98,(anonymous_7)
FN:198,(anonymous_8)
FN:202,(anonymous_9)
FNF:10
FNH:8
FNDA:13,(anonymous_0)
FNDA:6,(anonymous_1)
FNDA:7,(anonymous_2)
FNDA:1,(anonymous_3)
FNDA:1,(anonymous_4)
FNDA:0,(anonymous_5)
FNDA:1,(anonymous_6)
FNDA:1,(anonymous_7)
FNDA:1,(anonymous_8)
FNDA:0,(anonymous_9)
DA:8,1
DA:9,13
DA:10,13
DA:11,13
DA:12,13
DA:13,13
DA:14,13
DA:15,13
DA:17,13
DA:18,6
DA:20,6
DA:21,6
DA:22,6
DA:23,6
DA:26,13
DA:27,7
DA:28,7
DA:29,7
DA:31,7
DA:32,6
DA:34,3
DA:35,3
DA:37,7
DA:41,13
DA:42,1
DA:43,0
DA:46,1
DA:48,1
DA:53,1
DA:59,0
DA:63,0
DA:68,0
DA:70,0
DA:74,13
DA:75,1
DA:76,0
DA:77,0
DA:80,13
DA:81,0
DA:82,0
DA:85,0
DA:89,13
DA:90,1
DA:91,0
DA:92,0
DA:94,1
DA:98,13
DA:99,1
DA:100,1
DA:101,1
DA:102,1
DA:103,1
DA:106,13
DA:107,7
DA:117,6
DA:118,1
DA:132,5
DA:199,1
DA:202,0
LF:59
LH:46
BRDA:29,0,0,7
BRDA:29,0,1,7
BRDA:32,1,0,4
BRDA:32,1,1,0
BRDA:42,2,0,0
BRDA:42,2,1,1
BRDA:48,3,0,1
BRDA:48,3,1,1
BRDA:48,3,2,1
BRDA:48,3,3,1
BRDA:48,3,4,0
BRDA:48,3,5,0
BRDA:48,3,6,0
BRDA:48,3,7,0
BRDA:48,3,8,0
BRDA:48,3,9,0
BRDA:48,3,10,0
BRDA:48,3,11,0
BRDA:48,3,12,0
BRDA:48,3,13,0
BRDA:48,3,14,0
BRDA:48,3,15,0
BRDA:48,3,16,0
BRDA:75,4,0,1
BRDA:75,4,1,0
BRDA:76,5,0,0
BRDA:76,5,1,0
BRDA:81,6,0,0
BRDA:81,6,1,0
BRDA:90,7,0,0
BRDA:90,7,1,1
BRDA:102,8,0,1
BRDA:102,8,1,0
BRDA:106,9,0,7
BRDA:106,9,1,6
BRDA:117,10,0,1
BRDA:117,10,1,5
BRDA:152,11,0,5
BRDA:152,11,1,0
BRDA:165,12,0,4
BRDA:165,12,1,1
BRDA:167,13,0,4
BRDA:167,13,1,1
BRDA:186,14,0,4
BRDA:186,14,1,1
BRDA:212,15,0,1
BRDA:212,15,1,1
BRDA:220,16,0,0
BRDA:220,16,1,1
BRF:49
BRH:25
end_of_record
TN:
SF:src\pages\RepoPRs.jsx
FN:9,(anonymous_0)
FN:25,(anonymous_1)
FN:33,(anonymous_2)
FN:37,(anonymous_3)
FN:44,(anonymous_4)
FN:59,(anonymous_5)
FN:80,(anonymous_6)
FN:90,(anonymous_7)
FN:100,(anonymous_8)
FN:104,(anonymous_9)
FN:148,(anonymous_10)
FN:179,(anonymous_11)
FN:205,(anonymous_12)
FN:215,(anonymous_13)
FN:217,(anonymous_14)
FN:227,(anonymous_15)
FN:230,(anonymous_16)
FN:241,(anonymous_17)
FN:246,(anonymous_18)
FN:247,(anonymous_19)
FN:280,(anonymous_20)
FN:287,(anonymous_21)
FN:294,(anonymous_22)
FN:318,(anonymous_23)
FN:329,(anonymous_24)
FN:400,(anonymous_25)
FN:419,(anonymous_26)
FN:425,(anonymous_27)
FN:433,(anonymous_28)
FNF:29
FNH:23
FNDA:29,(anonymous_0)
FNDA:9,(anonymous_1)
FNDA:9,(anonymous_2)
FNDA:6,(anonymous_3)
FNDA:10,(anonymous_4)
FNDA:1,(anonymous_5)
FNDA:6,(anonymous_6)
FNDA:9,(anonymous_7)
FNDA:6,(anonymous_8)
FNDA:1,(anonymous_9)
FNDA:1,(anonymous_10)
FNDA:1,(anonymous_11)
FNDA:1,(anonymous_12)
FNDA:0,(anonymous_13)
FNDA:5,(anonymous_14)
FNDA:1,(anonymous_15)
FNDA:5,(anonymous_16)
FNDA:1,(anonymous_17)
FNDA:0,(anonymous_18)
FNDA:1,(anonymous_19)
FNDA:0,(anonymous_20)
FNDA:0,(anonymous_21)
FNDA:0,(anonymous_22)
FNDA:6,(anonymous_23)
FNDA:1,(anonymous_24)
FNDA:3,(anonymous_25)
FNDA:1,(anonymous_26)
FNDA:0,(anonymous_27)
FNDA:1,(anonymous_28)
DA:9,1
DA:10,29
DA:11,29
DA:12,29
DA:13,29
DA:14,29
DA:15,29
DA:16,29
DA:17,29
DA:18,29
DA:19,29
DA:20,29
DA:21,29
DA:22,29
DA:23,29
DA:25,29
DA:26,9
DA:28,9
DA:29,9
DA:30,9
DA:31,9
DA:33,9
DA:34,9
DA:35,9
DA:36,8
DA:37,6
DA:39,3
DA:44,29
DA:45,10
DA:46,10
DA:47,10
DA:49,10
DA:50,9
DA:52,3
DA:53,3
DA:55,10
DA:59,29
DA:60,1
DA:62,1
DA:63,1
DA:64,1
DA:69,1
DA:70,1
DA:73,0
DA:74,0
DA:76,1
DA:80,29
DA:81,6
DA:90,29
DA:91,9
DA:92,9
DA:93,0
DA:94,0
DA:96,0
DA:100,29
DA:101,6
DA:104,29
DA:105,1
DA:106,1
DA:107,1
DA:108,1
DA:109,1
DA:112,29
DA:113,10
DA:123,19
DA:124,2
DA:138,17
DA:148,1
DA:179,1
DA:205,1
DA:215,0
DA:218,5
DA:227,1
DA:231,5
DA:241,1
DA:246,0
DA:248,1
DA:249,1
DA:250,1
DA:251,1
DA:252,1
DA:253,1
DA:254,1
DA:256,0
DA:257,0
DA:259,1
DA:280,0
DA:287,0
DA:294,0
DA:319,6
DA:320,6
DA:321,6
DA:323,6
DA:329,1
DA:401,3
DA:402,3
DA:403,3
DA:419,1
DA:426,0
DA:427,0
DA:433,1
LF:101
LH:87
BRDA:35,0,0,9
BRDA:35,0,1,9
BRDA:47,1,0,10
BRDA:47,1,1,10
BRDA:60,2,0,0
BRDA:60,2,1,1
BRDA:65,3,0,1
BRDA:65,3,1,1
BRDA:91,4,0,9
BRDA:91,4,1,0
BRDA:93,5,0,0
BRDA:93,5,1,0
BRDA:108,6,0,1
BRDA:108,6,1,0
BRDA:112,7,0,10
BRDA:112,7,1,19
BRDA:123,8,0,2
BRDA:123,8,1,17
BRDA:166,9,0,15
BRDA:166,9,1,2
BRDA:168,10,0,15
BRDA:168,10,1,2
BRDA:192,11,0,17
BRDA:192,11,1,5
BRDA:217,12,0,5
BRDA:217,12,1,0
BRDA:218,13,0,0
BRDA:218,13,1,5
BRDA:230,14,0,5
BRDA:230,14,1,0
BRDA:248,15,0,0
BRDA:248,15,1,1
BRDA:248,16,0,1
BRDA:248,16,1,1
BRDA:248,16,2,1
BRDA:251,17,0,1
BRDA:251,17,1,1
BRDA:262,18,0,1
BRDA:262,18,1,4
BRDA:278,19,0,17
BRDA:278,19,1,0
BRDA:285,20,0,0
BRDA:285,20,1,17
BRDA:292,21,0,0
BRDA:292,21,1,17
BRDA:301,22,0,11
BRDA:301,22,1,6
BRDA:306,23,0,11
BRDA:306,23,1,0
BRDA:309,24,0,11
BRDA:309,24,1,0
BRDA:327,25,0,6
BRDA:327,25,1,0
BRDA:329,26,0,1
BRDA:329,26,1,1
BRDA:356,27,0,6
BRDA:356,27,1,0
BRDA:371,28,0,6
BRDA:371,28,1,0
BRDA:378,29,0,6
BRDA:378,29,1,0
BRDA:392,30,0,17
BRDA:392,30,1,3
BRDA:434,31,0,3
BRDA:434,31,1,2
BRDA:437,32,0,1
BRDA:437,32,1,2
BRF:67
BRH:49
end_of_record
